Contributing types: Sessions}
{"logTime": "0215/085020", "correlationVector":"/lE8dWKzPL7papILH9G01h.1","action":"SyncServerConnectionManagerRequest", "result":"SYNC_SERVER_OK", "context":{"environment":"Prod_SoutheastAsia_000j", "migrationStage":"NotStarted", "server":"GENERAL0100001I"}}
{"logTime": "0215/085020", "correlationVector":"/lE8dWKzPL7papILH9G01h.2","action":"Commit Response", "result":"SYNCER_OK", "context":Result: SYNCER_OK. cV=/lE8dWKzPL7papILH9G01h.0;server=GENERAL0100001I;cloudType=Consumer;environment=Prod_SoutheastAsia_000j;migrationStage=NotStarted}
{"logTime": "0215/085020", "correlationVector":"0Mh0JeHuIlD6cwaulw8Xft","action":"Normal GetUpdate request", "result":"", "context":cV=0Mh0JeHuIlD6cwaulw8Xft
Nudged types: Sessions
Refresh requested types: Bookmarks, Preferences, Passwords, Autofill Profiles, Autofill, Autofill Custom Data, Typed URLs, Extensions, Sessions, Extension settings, History Delete Directives, Device Info, User Consents, Send Tab To Self, Web Apps, Collection, Edge E Drop, Edge Hub App Usage, Edge Wallet, Encryption Keys}
{"logTime": "0215/085020", "correlationVector":"0Mh0JeHuIlD6cwaulw8Xft.1","action":"SyncServerConnectionManagerRequest", "result":"SYNC_SERVER_OK", "context":{"environment":"Prod_SoutheastAsia_000j", "migrationStage":"NotStarted", "server":"GENERAL0300000A"}}
{"logTime": "0215/085020", "correlationVector":"0Mh0JeHuIlD6cwaulw8Xft.2","action":"GetUpdates Response", "result":"SYNCER_OK", "context":Received 1 update(s). cV=0Mh0JeHuIlD6cwaulw8Xft.0;server=GENERAL0300000A;cloudType=Consumer;environment=Prod_SoutheastAsia_000j;migrationStage=NotStarted}
{"logTime": "0215/085447", "correlationVector":"BiLhntMQdm5F6Kx1St/HYp","action":"Normal GetUpdate request", "result":"", "context":cV=BiLhntMQdm5F6Kx1St/HYp
Refresh requested types: Bookmarks, Preferences, Passwords, Autofill Profiles, Autofill, Autofill Custom Data, Typed URLs, Extensions, Sessions, Extension settings, History Delete Directives, Device Info, User Consents, Send Tab To Self, Web Apps, Collection, Edge E Drop, Edge Hub App Usage, Edge Wallet, Encryption Keys}
{"logTime": "0215/085448", "correlationVector":"BiLhntMQdm5F6Kx1St/HYp.1","action":"SyncServerConnectionManagerRequest", "result":"SYNC_SERVER_OK", "context":{"environment":"Prod_SoutheastAsia_000j", "migrationStage":"NotStarted", "server":"GENERAL01000007"}}
{"logTime": "0215/085448", "correlationVector":"BiLhntMQdm5F6Kx1St/HYp.2","action":"GetUpdates Response", "result":"SYNCER_OK", "context":Received 0 update(s). cV=BiLhntMQdm5F6Kx1St/HYp.0;server=GENERAL01000007;cloudType=Consumer;environment=Prod_SoutheastAsia_000j;migrationStage=NotStarted}
{"logTime": "0215/090446", "correlationVector":"8aGhhFc6G9MUzMnJGjWevQ","action":"Commit Request", "result":"", "context":Item count: 1
Contributing types: Preferences}
{"logTime": "0215/090447", "correlationVector":"8aGhhFc6G9MUzMnJGjWevQ.1","action":"SyncServerConnectionManagerRequest", "result":"SYNC_SERVER_OK", "context":{"environment":"Prod_SoutheastAsia_000j", "migrationStage":"NotStarted", "server":"GENERAL0300002A"}}
{"logTime": "0215/090447", "correlationVector":"8aGhhFc6G9MUzMnJGjWevQ.2","action":"Commit Response", "result":"SYNCER_OK", "context":Result: SYNCER_OK. cV=8aGhhFc6G9MUzMnJGjWevQ.0;server=GENERAL0300002A;cloudType=Consumer;environment=Prod_SoutheastAsia_000j;migrationStage=NotStarted}
{"logTime": "0216/050649", "correlationVector":"aAdLYN7+vtYC4GRyIM7bNy.1","action":"SyncServerConnectionManagerRequest", "result":"SYNC_SERVER_OK", "context":{"environment":"Prod_SoutheastAsia_000j", "migrationStage":"NotStarted", "server":"GENERAL0300001F"}}
{"logTime": "0216/050649", "correlationVector":"aAdLYN7+vtYC4GRyIM7bNy","action":"Initial GetUpdates", "result":"", "context":Reason: NEW_CLIENT. cV=aAdLYN7+vtYC4GRyIM7bNy}
{"logTime": "0216/050649", "correlationVector":"aAdLYN7+vtYC4GRyIM7bNy.2","action":"GetUpdates Response", "result":"SYNCER_OK", "context":Received 1 update(s). cV=aAdLYN7+vtYC4GRyIM7bNy.0;server=GENERAL0300001F;cloudType=Consumer;environment=Prod_SoutheastAsia_000j;migrationStage=NotStarted}
{"logTime": "0216/050649", "correlationVector":"8Jl2Bpv+3NlOWj5Boz/TEB","action":"Normal GetUpdate request", "result":"", "context":cV=8Jl2Bpv+3NlOWj5Boz/TEB
Nudged types: Sessions, Device Info
Refresh requested types: Bookmarks, Preferences, Passwords, Autofill Profiles, Autofill, Autofill Custom Data, Typed URLs, Extensions, Sessions, Extension settings, History Delete Directives, Device Info, User Consents, Send Tab To Self, Web Apps, Collection, Edge E Drop, Edge Hub App Usage, Edge Wallet, Encryption Keys}
{"logTime": "0216/050649", "correlationVector":"8Jl2Bpv+3NlOWj5Boz/TEB.1","action":"SyncServerConnectionManagerRequest", "result":"SYNC_SERVER_OK", "context":{"environment":"Prod_SoutheastAsia_000j", "migrationStage":"NotStarted", "server":"GENERAL0300000Z"}}
{"logTime": "0216/050649", "correlationVector":"8Jl2Bpv+3NlOWj5Boz/TEB.2","action":"GetUpdates Response", "result":"SYNCER_OK", "context":Received 1 update(s). cV=8Jl2Bpv+3NlOWj5Boz/TEB.0;server=GENERAL0300000Z;cloudType=Consumer;environment=Prod_SoutheastAsia_000j;migrationStage=NotStarted}
{"logTime": "0216/050649", "correlationVector":"1uY+TJno0BYbw7LDShWD6f","action":"Commit Request", "result":"", "context":Item count: 1
Contributing types: Device Info}
{"logTime": "0216/050649", "correlationVector":"1uY+TJno0BYbw7LDShWD6f.1","action":"SyncServerConnectionManagerRequest", "result":"SYNC_SERVER_OK", "context":{"environment":"Prod_SoutheastAsia_000j", "migrationStage":"NotStarted", "server":"GENERAL0100000X"}}
{"logTime": "0216/050649", "correlationVector":"1uY+TJno0BYbw7LDShWD6f.2","action":"Commit Response", "result":"SYNCER_OK", "context":Result: SYNCER_OK. cV=1uY+TJno0BYbw7LDShWD6f.0;server=GENERAL0100000X;cloudType=Consumer;environment=Prod_SoutheastAsia_000j;migrationStage=NotStarted}
{"logTime": "0216/050649", "correlationVector":"glPuGIR3eRxCGYpadbNMhC","action":"Commit Request", "result":"", "context":Item count: 3
Contributing types: Sessions}
{"logTime": "0216/050649", "correlationVector":"glPuGIR3eRxCGYpadbNMhC.1","action":"SyncServerConnectionManagerRequest", "result":"SYNC_SERVER_OK", "context":{"environment":"Prod_SoutheastAsia_000j", "migrationStage":"NotStarted", "server":"GENERAL0100001G"}}
{"logTime": "0216/050649", "correlationVector":"glPuGIR3eRxCGYpadbNMhC.3","action":"Commit.Sessions", "result":"Success", "context":{"id":"6223b08e-edd5-4320-8e92-6df2e5c22c99", "isDeleted":"true", "size":"0", "version":"1707987019705"}}
{"logTime": "0216/050649", "correlationVector":"glPuGIR3eRxCGYpadbNMhC.2","action":"Commit Response", "result":"SYNCER_OK", "context":Result: SYNCER_OK. cV=glPuGIR3eRxCGYpadbNMhC.0;server=GENERAL0100001G;cloudType=Consumer;environment=Prod_SoutheastAsia_000j;migrationStage=NotStarted}
{"logTime": "0216/050649", "correlationVector":"o0LrY82VJnFLYHNKO5g/h2","action":"Poll GetUpdate request", "result":"", "context":cV=o0LrY82VJnFLYHNKO5g/h2}
{"logTime": "0216/050649", "correlationVector":"o0LrY82VJnFLYHNKO5g/h2.1","action":"SyncServerConnectionManagerRequest", "result":"SYNC_SERVER_OK", "context":{"environment":"Prod_SoutheastAsia_000j", "migrationStage":"NotStarted", "server":"GENERAL0300001Q"}}
{"logTime": "0216/050649", "correlationVector":"o0LrY82VJnFLYHNKO5g/h2.2","action":"GetUpdates", "result":"DeleteReceived", "context":{"id":"6223b08e-edd5-4320-8e92-6df2e5c22c99", "isDeleted:":"true", "version":"1708059952223"}}
{"logTime": "0216/050649", "correlationVector":"o0LrY82VJnFLYHNKO5g/h2.3","action":"GetUpdates Response", "result":"SYNCER_OK", "context":Received 4 update(s). cV=o0LrY82VJnFLYHNKO5g/h2.0;server=GENERAL0300001Q;cloudType=Consumer;environment=Prod_SoutheastAsia_000j;migrationStage=NotStarted}
{"logTime": "0216/050649", "correlationVector":"hF3BXj1KlCsvO7tnyqKVxI","action":"SyncServerConnectionManagerRequest", "result":"SYNC_SERVER_OK", "context":{"environment":"", "migrationStage":"", "server":""}}
{"logTime": "0216/050649", "correlationVector":"598FY1CDajHs+r47tW3Ki4","action":"Normal GetUpdate request", "result":"", "context":cV=598FY1CDajHs+r47tW3Ki4
Nudged types: Sessions, Device Info}
{"logTime": "0216/050650", "correlationVector":"598FY1CDajHs+r47tW3Ki4.1","action":"SyncServerConnectionManagerRequest", "result":"SYNC_SERVER_OK", "context":{"environment":"Prod_SoutheastAsia_000j", "migrationStage":"NotStarted", "server":"GENERAL0300001D"}}
{"logTime": "0216/050650", "correlationVector":"598FY1CDajHs+r47tW3Ki4.2","action":"GetUpdates Response", "result":"SYNCER_OK", "context":Received 0 update(s). cV=598FY1CDajHs+r47tW3Ki4.0;server=GENERAL0300001D;cloudType=Consumer;environment=Prod_SoutheastAsia_000j;migrationStage=NotStarted}
{"logTime": "0216/050650", "correlationVector":"jsuV0obyNNU7On70NMfvKE","action":"Normal GetUpdate request", "result":"", "context":cV=jsuV0obyNNU7On70NMfvKE
Refresh requested types: Bookmarks, Preferences, Passwords, Autofill Profiles, Autofill, Autofill Custom Data, Typed URLs, Extensions, Sessions, Extension settings, History Delete Directives, Device Info, User Consents, Send Tab To Self, Web Apps, Collection, Edge E Drop, Edge Hub App Usage, Edge Wallet, Encryption Keys}
{"logTime": "0216/050650", "correlationVector":"jsuV0obyNNU7On70NMfvKE.1","action":"SyncServerConnectionManagerRequest", "result":"SYNC_SERVER_OK", "context":{"environment":"Prod_SoutheastAsia_000j", "migrationStage":"NotStarted", "server":"GENERAL0100000M"}}
{"logTime": "0216/050650", "correlationVector":"jsuV0obyNNU7On70NMfvKE.2","action":"GetUpdates Response", "result":"SYNCER_OK", "context":Received 0 update(s). cV=jsuV0obyNNU7On70NMfvKE.0;server=GENERAL0100000M;cloudType=Consumer;environment=Prod_SoutheastAsia_000j;migrationStage=NotStarted}
{"logTime": "0216/050650", "correlationVector":"B8yhzWd+69NINYjcF3P7y0","action":"Commit Request", "result":"", "context":Item count: 1
Contributing types: Sessions}
{"logTime": "0216/050650", "correlationVector":"B8yhzWd+69NINYjcF3P7y0.1","action":"SyncServerConnectionManagerRequest", "result":"SYNC_SERVER_OK", "context":{"environment":"Prod_SoutheastAsia_000j", "migrationStage":"NotStarted", "server":"GENERAL0100001B"}}
{"logTime": "0216/050650", "correlationVector":"B8yhzWd+69NINYjcF3P7y0.2","action":"Commit Response", "result":"SYNCER_OK", "context":Result: SYNCER_OK. cV=B8yhzWd+69NINYjcF3P7y0.0;server=GENERAL0100001B;cloudType=Consumer;environment=Prod_SoutheastAsia_000j;migrationStage=NotStarted}
{"logTime": "0216/050651", "correlationVector":"7/fbFEVT1/J4IgY1aS6hJL","action":"Commit Request", "result":"", "context":Item count: 1
Contributing types: Preferences}
{"logTime": "0216/050651", "correlationVector":"7/fbFEVT1/J4IgY1aS6hJL.1","action":"SyncServerConnectionManagerRequest", "result":"SYNC_SERVER_OK", "context":{"environment":"Prod_SoutheastAsia_000j", "migrationStage":"NotStarted", "server":"GENERAL0300002E"}}
{"logTime": "0216/050651", "correlationVector":"7/fbFEVT1/J4IgY1aS6hJL.2","action":"Commit Response", "result":"SYNCER_OK", "context":Result: SYNCER_OK. cV=7/fbFEVT1/J4IgY1aS6hJL.0;server=GENERAL0300002E;cloudType=Consumer;environment=Prod_SoutheastAsia_000j;migrationStage=NotStarted}
{"logTime": "0216/050953", "correlationVector":"kmNvk5G4eA705z6fPP1g2m","action":"Commit Request", "result":"", "context":Item count: 1
Contributing types: Sessions}
{"logTime": "0216/050953", "correlationVector":"kmNvk5G4eA705z6fPP1g2m.1","action":"SyncServerConnectionManagerRequest", "result":"SYNC_SERVER_OK", "context":{"environment":"Prod_SoutheastAsia_000j", "migrationStage":"NotStarted", "server":"GENERAL0300000K"}}
{"logTime": "0216/050954", "correlationVector":"kmNvk5G4eA705z6fPP1g2m.2","action":"Commit Response", "result":"SYNCER_OK", "context":Result: SYNCER_OK. cV=kmNvk5G4eA705z6fPP1g2m.0;server=GENERAL0300000K;cloudType=Consumer;environment=Prod_SoutheastAsia_000j;migrationStage=NotStarted}
{"logTime": "0216/051026", "correlationVector":"2K2T68gzaXaRikX8A3RQCU","action":"Commit Request", "result":"", "context":Item count: 1
Contributing types: Sessions}
{"logTime": "0216/051026", "correlationVector":"2K2T68gzaXaRikX8A3RQCU.1","action":"SyncServerConnectionManagerRequest", "result":"SYNC_SERVER_OK", "context":{"environment":"Prod_SoutheastAsia_000j", "migrationStage":"NotStarted", "server":"GENERAL0300001E"}}
{"logTime": "0216/051026", "correlationVector":"2K2T68gzaXaRikX8A3RQCU.2","action":"Commit Response", "result":"SYNCER_OK", "context":Result: SYNCER_OK. cV=2K2T68gzaXaRikX8A3RQCU.0;server=GENERAL0300001E;cloudType=Consumer;environment=Prod_SoutheastAsia_000j;migrationStage=NotStarted}
{"logTime": "0216/051050", "correlationVector":"OI0rlbBYlvsdc8Kf0RBFII","action":"Normal GetUpdate request", "result":"", "context":cV=OI0rlbBYlvsdc8Kf0RBFII
Refresh requested types: Bookmarks, Preferences, Passwords, Autofill Profiles, Autofill, Autofill Custom Data, Typed URLs, Extensions, Sessions, Extension settings, History Delete Directives, Device Info, User Consents, Send Tab To Self, Web Apps, Collection, Edge E Drop, Edge Hub App Usage, Edge Wallet, Encryption Keys}
{"logTime": "0216/051051", "correlationVector":"OI0rlbBYlvsdc8Kf0RBFII.1","action":"SyncServerConnectionManagerRequest", "result":"SYNC_SERVER_OK", "context":{"environment":"Prod_SoutheastAsia_000j", "migrationStage":"NotStarted", "server":"GENERAL0300001E"}}
{"logTime": "0216/051051", "correlationVector":"OI0rlbBYlvsdc8Kf0RBFII.2","action":"GetUpdates Response", "result":"SYNCER_OK", "context":Received 2 update(s). cV=OI0rlbBYlvsdc8Kf0RBFII.0;server=GENERAL0300001E;cloudType=Consumer;environment=Prod_SoutheastAsia_000j;migrationStage=NotStarted}
{"logTime": "0216/051235", "correlationVector":"vg/Qa30q8RgkM1EZvHVDuX","action":"Commit Request", "result":"", "context":Item count: 3
Contributing types: Sessions}
{"logTime": "0216/051235", "correlationVector":"vg/Qa30q8RgkM1EZvHVDuX.1","action":"SyncServerConnectionManagerRequest", "result":"SYNC_SERVER_OK", "context":{"environment":"Prod_SoutheastAsia_000j", "migrationStage":"NotStarted", "server":"GENERAL0100000O"}}
{"logTime": "0216/051235", "correlationVector":"vg/Qa30q8RgkM1EZvHVDuX.2","action":"Commit Response", "result":"SYNCER_OK", "context":Result: SYNCER_OK. cV=vg/Qa30q8RgkM1EZvHVDuX.0;server=GENERAL0100000O;cloudType=Consumer;environment=Prod_SoutheastAsia_000j;migrationStage=NotStarted}
{"logTime": "0216/051256", "correlationVector":"gwVquAeqPGxx3tasqo/S0M","action":"Commit Request", "result":"", "context":Item count: 1
Contributing types: Preferences}
{"logTime": "0216/051257", "correlationVector":"gwVquAeqPGxx3tasqo/S0M.1","action":"SyncServerConnectionManagerRequest", "result":"SYNC_SERVER_OK", "context":{"environment":"Prod_SoutheastAsia_000j", "migrationStage":"NotStarted", "server":"GENERAL0100000M"}}
{"logTime": "0216/051257", "correlationVector":"gwVquAeqPGxx3tasqo/S0M.2","action":"Commit Response", "result":"SYNCER_OK", "context":Result: SYNCER_OK. cV=gwVquAeqPGxx3tasqo/S0M.0;server=GENERAL0100000M;cloudType=Consumer;environment=Prod_SoutheastAsia_000j;migrationStage=NotStarted}
{"logTime": "0216/051326", "correlationVector":"A821hxVZYcql4GJgrT/JaQ","action":"Commit Request", "result":"", "context":Item count: 4
Contributing types: Preferences, Sessions}
{"logTime": "0216/051327", "correlationVector":"A821hxVZYcql4GJgrT/JaQ.1","action":"SyncServerConnectionManagerRequest", "result":"SYNC_SERVER_OK", "context":{"environment":"Prod_SoutheastAsia_000j", "migrationStage":"NotStarted", "server":"GENERAL03000018"}}
{"logTime": "0216/051327", "correlationVector":"A821hxVZYcql4GJgrT/JaQ.3","action":"Commit.Sessions", "result":"Success", "context":{"id":"23864e81-b3b8-4021-8ef3-4e7b10d238fa", "isDeleted":"true", "size":"0", "version":"1708060354109"}}
{"logTime": "0216/051327", "correlationVector":"A821hxVZYcql4GJgrT/JaQ.2","action":"Commit Response", "result":"SYNCER_OK", "context":Result: SYNCER_OK. cV=A821hxVZYcql4GJgrT/JaQ.0;server=GENERAL03000018;cloudType=Consumer;environment=Prod_SoutheastAsia_000j;migrationStage=NotStarted}
{"logTime": "0216/051401", "correlationVector":"7bhX0SEDK2H4lBsNqgoXYt","action":"Commit Request", "result":"", "context":Item count: 3
Contributing types: Sessions}
{"logTime": "0216/051403", "correlationVector":"7bhX0SEDK2H4lBsNqgoXYt.1","action":"SyncServerConnectionManagerRequest", "result":"SYNC_SERVER_OK", "context":{"environment":"Prod_SoutheastAsia_000j", "migrationStage":"NotStarted", "server":"GENERAL0300000B"}}
{"logTime": "0216/051403", "correlationVector":"7bhX0SEDK2H4lBsNqgoXYt.2","action":"Commit Response", "result":"SYNCER_OK", "context":Result: SYNCER_OK. cV=7bhX0SEDK2H4lBsNqgoXYt.0;server=GENERAL0300000B;cloudType=Consumer;environment=Prod_SoutheastAsia_000j;migrationStage=NotStarted}
{"logTime": "0216/051410", "correlationVector":"G/DATaz8YNNNSHSb3ks2oT","action":"Commit Request", "result":"", "context":Item count: 1
Contributing types: Preferences}
{"logTime": "0216/051411", "correlationVector":"G/DATaz8YNNNSHSb3ks2oT.1","action":"SyncServerConnectionManagerRequest", "result":"SYNC_SERVER_OK", "context":{"environment":"Prod_SoutheastAsia_000j", "migrationStage":"NotStarted", "server":"GENERAL0300000C"}}
{"logTime": "0216/051411", "correlationVector":"G/DATaz8YNNNSHSb3ks2oT.2","action":"Commit Response", "result":"SYNCER_OK", "context":Result: SYNCER_OK. cV=G/DATaz8YNNNSHSb3ks2oT.0;server=GENERAL0300000C;cloudType=Consumer;environment=Prod_SoutheastAsia_000j;migrationStage=NotStarted}
{"logTime": "0216/051448", "correlationVector":"TpQcPTbCwX9y1HI2MGiMSp","action":"Commit Request", "result":"", "context":Item count: 3
Contributing types: Sessions}
{"logTime": "0216/051448", "correlationVector":"TpQcPTbCwX9y1HI2MGiMSp.1","action":"SyncServerConnectionManagerRequest", "result":"SYNC_SERVER_OK", "context":{"environment":"Prod_SoutheastAsia_000j", "migrationStage":"NotStarted", "server":"GENERAL0100000L"}}
{"logTime": "0216/051448", "correlationVector":"TpQcPTbCwX9y1HI2MGiMSp.2","action":"Commit Response", "result":"SYNCER_OK", "context":Result: SYNCER_OK. cV=TpQcPTbCwX9y1HI2MGiMSp.0;server=GENERAL0100000L;cloudType=Consumer;environment=Prod_SoutheastAsia_000j;migrationStage=NotStarted}
{"logTime": "0216/052031", "correlationVector":"b5jy6yLbU5D1SK2oCDE0lC","action":"Commit Request", "result":"", "context":Item count: 1
Contributing types: Sessions}
{"logTime": "0216/052031", "correlationVector":"b5jy6yLbU5D1SK2oCDE0lC.1","action":"SyncServerConnectionManagerRequest", "result":"SYNC_SERVER_OK", "context":{"environment":"Prod_SoutheastAsia_000j", "migrationStage":"NotStarted", "server":"GENERAL0100000M"}}
{"logTime": "0216/052031", "correlationVector":"b5jy6yLbU5D1SK2oCDE0lC.2","action":"Commit Response", "result":"SYNCER_OK", "context":Result: SYNCER_OK. cV=b5jy6yLbU5D1SK2oCDE0lC.0;server=GENERAL0100000M;cloudType=Consumer;environment=Prod_SoutheastAsia_000j;migrationStage=NotStarted}
{"logTime": "0216/052204", "correlationVector":"XP4E5fMKEj1bV1wKXsDxWj","action":"Commit Request", "result":"", "context":Item count: 1
Contributing types: Sessions}
{"logTime": "0216/052204", "correlationVector":"XP4E5fMKEj1bV1wKXsDxWj.1","action":"SyncServerConnectionManagerRequest", "result":"SYNC_SERVER_OK", "context":{"environment":"Prod_SoutheastAsia_000j", "migrationStage":"NotStarted", "server":"GENERAL0100000F"}}
{"logTime": "0216/052204", "correlationVector":"XP4E5fMKEj1bV1wKXsDxWj.2","action":"Commit Response", "result":"SYNCER_OK", "context":Result: SYNCER_OK. cV=XP4E5fMKEj1bV1wKXsDxWj.0;server=GENERAL0100000F;cloudType=Consumer;environment=Prod_SoutheastAsia_000j;migrationStage=NotStarted}
{"logTime": "0216/052258", "correlationVector":"tL8uXNn/+7kCeusbThj9zc","action":"Commit Request", "result":"", "context":Item count: 1
Contributing types: Sessions}
{"logTime": "0216/052259", "correlationVector":"tL8uXNn/+7kCeusbThj9zc.1","action":"SyncServerConnectionManagerRequest", "result":"SYNC_SERVER_OK", "context":{"environment":"Prod_SoutheastAsia_000j", "migrationStage":"NotStarted", "server":"GENERAL0300001X"}}
{"logTime": "0216/052259", "correlationVector":"tL8uXNn/+7kCeusbThj9zc.2","action":"Commit Response", "result":"SYNCER_OK", "context":Result: SYNCER_OK. cV=tL8uXNn/+7kCeusbThj9zc.0;server=GENERAL0300001X;cloudType=Consumer;environment=Prod_SoutheastAsia_000j;migrationStage=NotStarted}
{"logTime": "0216/052337", "correlationVector":"4Yx3cyBDNKe84uYgN8ildA","action":"Commit Request", "result":"", "context":Item count: 1
Contributing types: Sessions}
{"logTime": "0216/052337", "correlationVector":"4Yx3cyBDNKe84uYgN8ildA.1","action":"SyncServerConnectionManagerRequest", "result":"SYNC_SERVER_OK", "context":{"environment":"Prod_SoutheastAsia_000j", "migrationStage":"NotStarted", "server":"GENERAL0100000X"}}
{"logTime": "0216/052337", "correlationVector":"4Yx3cyBDNKe84uYgN8ildA.2","action":"Commit Response", "result":"SYNCER_OK", "context":Result: SYNCER_OK. cV=4Yx3cyBDNKe84uYgN8ildA.0;server=GENERAL0100000X;cloudType=Consumer;environment=Prod_SoutheastAsia_000j;migrationStage=NotStarted}
{"logTime": "0216/052550", "correlationVector":"HYaAsn+vI4Xk1TNAWHMxSK","action":"Commit Request", "result":"", "context":Item count: 4
Contributing types: Preferences, Sessions}
{"logTime": "0216/052550", "correlationVector":"HYaAsn+vI4Xk1TNAWHMxSK","action":"SyncServerConnectionManagerRequest", "result":"CONNECTION_UNAVAILABLE", "context":{"error_type":"net_error_code", "error_value":"-105"}}
{"logTime": "0216/052550", "correlationVector":"Xe2tD+khpILyqZIU/B4Urm.0","action":"Commit Response", "result":"NETWORK_ERROR_TRANSPORT (ERR_NAME_NOT_RESOLVED)", "context":Result: NETWORK_ERROR_TRANSPORT (ERR_NAME_NOT_RESOLVED). }
{"logTime": "0216/052635", "correlationVector":"mWiEoNON9s/PMJDgrxgm4j","action":"Normal GetUpdate request", "result":"", "context":cV=mWiEoNON9s/PMJDgrxgm4j
Nudged types: Preferences, Sessions}
{"logTime": "0216/052635", "correlationVector":"mWiEoNON9s/PMJDgrxgm4j","action":"SyncServerConnectionManagerRequest", "result":"CONNECTION_UNAVAILABLE", "context":{"error_type":"net_error_code", "error_value":"-105"}}
{"logTime": "0216/052635", "correlationVector":"ExdzF9o8I/9Rba6NekMA+x.0","action":"GetUpdates Response", "result":"NETWORK_ERROR_TRANSPORT (ERR_NAME_NOT_RESOLVED)", "context":Received error: NETWORK_ERROR_TRANSPORT (ERR_NAME_NOT_RESOLVED). }
{"logTime": "0216/052828", "correlationVector":"98eeF1zdIuP8C6GqSRn/1V","action":"Normal GetUpdate request", "result":"", "context":cV=98eeF1zdIuP8C6GqSRn/1V
Nudged types: Preferences, Sessions}
{"logTime": "0216/052828", "correlationVector":"98eeF1zdIuP8C6GqSRn/1V","action":"SyncServerConnectionManagerRequest", "result":"CONNECTION_UNAVAILABLE", "context":{"error_type":"net_error_code", "error_value":"-105"}}
{"logTime": "0216/052828", "correlationVector":"gyY0BComoJTGD4w2JJmq4B.0","action":"GetUpdates Response", "result":"NETWORK_ERROR_TRANSPORT (ERR_NAME_NOT_RESOLVED)", "context":Received error: NETWORK_ERROR_TRANSPORT (ERR_NAME_NOT_RESOLVED). }
{"logTime": "0216/053309", "correlationVector":"ROJIbnK9zXYqYpmH3CjVMe","action":"Normal GetUpdate request", "result":"", "context":cV=ROJIbnK9zXYqYpmH3CjVMe
Nudged types: Preferences, Sessions}
{"logTime": "0216/053309", "correlationVector":"ROJIbnK9zXYqYpmH3CjVMe","action":"SyncServerConnectionManagerRequest", "result":"CONNECTION_UNAVAILABLE", "context":{"error_type":"net_error_code", "error_value":"-105"}}
{"logTime": "0216/053309", "correlationVector":"CJlFyGXlIoqp8ye8ihMN/e.0","action":"GetUpdates Response", "result":"NETWORK_ERROR_TRANSPORT (ERR_NAME_NOT_RESOLVED)", "context":Received error: NETWORK_ERROR_TRANSPORT (ERR_NAME_NOT_RESOLVED). }
{"logTime": "0216/053748", "correlationVector":"1YpMpJj4YY7wzOVo9q7V3s","action":"Normal GetUpdate request", "result":"", "context":cV=1YpMpJj4YY7wzOVo9q7V3s
Nudged types: Preferences, Sessions}
{"logTime": "0216/053750", "correlationVector":"1YpMpJj4YY7wzOVo9q7V3s.1","action":"SyncServerConnectionManagerRequest", "result":"SYNC_SERVER_OK", "context":{"environment":"Prod_SoutheastAsia_000j", "migrationStage":"NotStarted", "server":"GENERAL03000013"}}
{"logTime": "0216/053750", "correlationVector":"1YpMpJj4YY7wzOVo9q7V3s.2","action":"GetUpdates", "result":"DeleteReceived", "context":{"id":"23864e81-b3b8-4021-8ef3-4e7b10d238fa", "isDeleted:":"true", "version":"1708060405588"}}
{"logTime": "0216/053750", "correlationVector":"1YpMpJj4YY7wzOVo9q7V3s.3","action":"GetUpdates Response", "result":"SYNCER_OK", "context":Received 7 update(s). cV=1YpMpJj4YY7wzOVo9q7V3s.0;server=GENERAL03000013;cloudType=Consumer;environment=Prod_SoutheastAsia_000j;migrationStage=NotStarted}
{"logTime": "0216/053750", "correlationVector":"ftpEryE/ukijFbVhfbKmtD","action":"Commit Request", "result":"", "context":Item count: 5
Contributing types: Preferences, Sessions}
{"logTime": "0216/053750", "correlationVector":"ftpEryE/ukijFbVhfbKmtD.1","action":"SyncServerConnectionManagerRequest", "result":"SYNC_SERVER_OK", "context":{"environment":"Prod_SoutheastAsia_000j", "migrationStage":"NotStarted", "server":"GENERAL0100001F"}}
{"logTime": "0216/053750", "correlationVector":"ftpEryE/ukijFbVhfbKmtD.2","action":"Commit Response", "result":"SYNCER_OK", "context":Result: SYNCER_OK. cV=ftpEryE/ukijFbVhfbKmtD.0;server=GENERAL0100001F;cloudType=Consumer;environment=Prod_SoutheastAsia_000j;migrationStage=NotStarted}
{"logTime": "0216/053750", "correlationVector":"ftpEryE/ukijFbVhfbKmtD.3","action":"Commit.Sessions", "result":"Success", "context":{"id":"a17258da-b562-4da7-a059-cbabdf5d494a", "isDeleted":"true", "size":"0", "version":"1708060439851"}}
{"logTime": "0216/053752", "correlationVector":"lkyokCQHRlVDpAj19EQmLB","action":"Normal GetUpdate request", "result":"", "context":cV=lkyokCQHRlVDpAj19EQmLB
Nudged types: Preferences, Sessions}
{"logTime": "0216/053754", "correlationVector":"lkyokCQHRlVDpAj19EQmLB.1","action":"SyncServerConnectionManagerRequest", "result":"SYNC_SERVER_OK", "context":{"environment":"Prod_SoutheastAsia_000j", "migrationStage":"NotStarted", "server":"GENERAL0100000X"}}
{"logTime": "0216/053754", "correlationVector":"lkyokCQHRlVDpAj19EQmLB.2","action":"GetUpdates", "result":"DeleteReceived", "context":{"id":"a17258da-b562-4da7-a059-cbabdf5d494a", "isDeleted:":"true", "version":"1708061868987"}}
{"logTime": "0216/053754", "correlationVector":"lkyokCQHRlVDpAj19EQmLB.3","action":"GetUpdates Response", "result":"SYNCER_OK", "context":Received 5 update(s). cV=lkyokCQHRlVDpAj19EQmLB.0;server=GENERAL0100000X;cloudType=Consumer;environment=Prod_SoutheastAsia_000j;migrationStage=NotStarted}
{"logTime": "0216/053846", "correlationVector":"dd8I8N76WJkwBdn5XzZ7qG","action":"Normal GetUpdate request", "result":"", "context":cV=dd8I8N76WJkwBdn5XzZ7qG
Refresh requested types: Bookmarks, Preferences, Passwords, Autofill Profiles, Autofill, Autofill Custom Data, Typed URLs, Extensions, Sessions, Extension settings, History Delete Directives, Device Info, User Consents, Send Tab To Self, Web Apps, Collection, Edge E Drop, Edge Hub App Usage, Edge Wallet, Encryption Keys}
{"logTime": "0216/053846", "correlationVector":"dd8I8N76WJkwBdn5XzZ7qG.1","action":"SyncServerConnectionManagerRequest", "result":"SYNC_SERVER_OK", "context":{"environment":"Prod_SoutheastAsia_000j", "migrationStage":"NotStarted", "server":"GENERAL0100000V"}}
{"logTime": "0216/053846", "correlationVector":"dd8I8N76WJkwBdn5XzZ7qG.2","action":"GetUpdates Response", "result":"SYNCER_OK", "context":Received 0 update(s). cV=dd8I8N76WJkwBdn5XzZ7qG.0;server=GENERAL0100000V;cloudType=Consumer;environment=Prod_SoutheastAsia_000j;migrationStage=NotStarted}
{"logTime": "0216/054007", "correlationVector":"Q2AeOu8SPQgKvox50zd92A","action":"Commit Request", "result":"", "context":Item count: 1
Contributing types: Sessions}
{"logTime": "0216/054007", "correlationVector":"Q2AeOu8SPQgKvox50zd92A.1","action":"SyncServerConnectionManagerRequest", "result":"SYNC_SERVER_OK", "context":{"environment":"Prod_SoutheastAsia_000j", "migrationStage":"NotStarted", "server":"GENERAL03000003"}}
{"logTime": "0216/054007", "correlationVector":"Q2AeOu8SPQgKvox50zd92A.2","action":"Commit Response", "result":"SYNCER_OK", "context":Result: SYNCER_OK. cV=Q2AeOu8SPQgKvox50zd92A.0;server=GENERAL03000003;cloudType=Consumer;environment=Prod_SoutheastAsia_000j;migrationStage=NotStarted}
{"logTime": "0216/054038", "correlationVector":"DMqGWVNRPjFczrQ5FnCrOO","action":"Commit Request", "result":"", "context":Item count: 5
Contributing types: Preferences, Sessions}
{"logTime": "0216/054039", "correlationVector":"DMqGWVNRPjFczrQ5FnCrOO.1","action":"SyncServerConnectionManagerRequest", "result":"SYNC_SERVER_OK", "context":{"environment":"Prod_SoutheastAsia_000j", "migrationStage":"NotStarted", "server":"GENERAL0300001P"}}
{"logTime": "0216/054039", "correlationVector":"DMqGWVNRPjFczrQ5FnCrOO.3","action":"Commit.Sessions", "result":"Success", "context":{"id":"5af1dbff-c4df-4484-9326-c788f840f1ae", "isDeleted":"true", "size":"0", "version":"1708060486928"}}
{"logTime": "0216/054039", "correlationVector":"DMqGWVNRPjFczrQ5FnCrOO.2","action":"Commit Response", "result":"SYNCER_OK", "context":Result: SYNCER_OK. cV=DMqGWVNRPjFczrQ5FnCrOO.0;server=GENERAL0300001P;cloudType=Consumer;environment=Prod_SoutheastAsia_000j;migrationStage=NotStarted}
{"logTime": "0216/054039", "correlationVector":"DMqGWVNRPjFczrQ5FnCrOO.4","action":"Commit.Sessions", "result":"Success", "context":{"id":"f64da587-9165-418e-8053-a234588fe040", "isDeleted":"true", "size":"0", "version":"1708060486930"}}
{"logTime": "0216/054043", "correlationVector":"B9ZmCc7hVdmKhnX0P3Fo6K","action":"Commit Request", "result":"", "context":Item count: 2
Contributing types: Preferences, Sessions}
{"logTime": "0216/054045", "correlationVector":"B9ZmCc7hVdmKhnX0P3Fo6K.1","action":"SyncServerConnectionManagerRequest", "result":"SYNC_SERVER_OK", "context":{"environment":"Prod_SoutheastAsia_000j", "migrationStage":"NotStarted", "server":"GENERAL0300000Y"}}
{"logTime": "0216/054045", "correlationVector":"B9ZmCc7hVdmKhnX0P3Fo6K.3","action":"Commit.Sessions", "result":"Success", "context":{"id":"2fda3815-608c-4425-bbff-df6cea0c32a6", "isDeleted":"true", "size":"0", "version":"1708062037764"}}
{"logTime": "0216/054045", "correlationVector":"B9ZmCc7hVdmKhnX0P3Fo6K.2","action":"Commit Response", "result":"SYNCER_OK", "context":Result: SYNCER_OK. cV=B9ZmCc7hVdmKhnX0P3Fo6K.0;server=GENERAL0300000Y;cloudType=Consumer;environment=Prod_SoutheastAsia_000j;migrationStage=NotStarted}
{"logTime": "0216/054120", "correlationVector":"2a76bI9/jd/FN07jy871jJ","action":"Commit Request", "result":"", "context":Item count: 4
Contributing types: Sessions}
{"logTime": "0216/054121", "correlationVector":"2a76bI9/jd/FN07jy871jJ.1","action":"SyncServerConnectionManagerRequest", "result":"SYNC_SERVER_OK", "context":{"environment":"Prod_SoutheastAsia_000j", "migrationStage":"NotStarted", "server":"general0100000J"}}
{"logTime": "0216/054121", "correlationVector":"2a76bI9/jd/FN07jy871jJ.2","action":"Commit Response", "result":"SYNCER_OK", "context":Result: SYNCER_OK. cV=2a76bI9/jd/FN07jy871jJ.0;server=general0100000J;cloudType=Consumer;environment=Prod_SoutheastAsia_000j;migrationStage=NotStarted}
{"logTime": "0216/054155", "correlationVector":"SUz4jn9inChTsjcUAf3h1j","action":"Commit Request", "result":"", "context":Item count: 5
Contributing types: Sessions}
{"logTime": "0216/054155", "correlationVector":"SUz4jn9inChTsjcUAf3h1j.1","action":"SyncServerConnectionManagerRequest", "result":"SYNC_SERVER_OK", "context":{"environment":"Prod_SoutheastAsia_000j", "migrationStage":"NotStarted", "server":"GENERAL0300000Y"}}
{"logTime": "0216/054155", "correlationVector":"SUz4jn9inChTsjcUAf3h1j.2","action":"Commit Response", "result":"SYNCER_OK", "context":Result: SYNCER_OK. cV=SUz4jn9inChTsjcUAf3h1j.0;server=GENERAL0300000Y;cloudType=Consumer;environment=Prod_SoutheastAsia_000j;migrationStage=NotStarted}
{"logTime": "0216/054225", "correlationVector":"TKkHr6xSh11w0fx3n1DJzU","action":"Commit Request", "result":"", "context":Item count: 3
Contributing types: Sessions}
{"logTime": "0216/054226", "correlationVector":"TKkHr6xSh11w0fx3n1DJzU.1","action":"SyncServerConnectionManagerRequest", "result":"SYNC_SERVER_OK", "context":{"environment":"Prod_SoutheastAsia_000j", "migrationStage":"NotStarted", "server":"GENERAL0100000F"}}
{"logTime": "0216/054226", "correlationVector":"TKkHr6xSh11w0fx3n1DJzU.2","action":"Commit Response", "result":"SYNCER_OK", "context":Result: SYNCER_OK. cV=TKkHr6xSh11w0fx3n1DJzU.0;server=GENERAL0100000F;cloudType=Consumer;environment=Prod_SoutheastAsia_000j;migrationStage=NotStarted}
{"logTime": "0216/054259", "correlationVector":"N9ragkioXk4WtGM3s/IqUZ","action":"Commit Request", "result":"", "context":Item count: 6
Contributing types: Sessions}
{"logTime": "0216/054259", "correlationVector":"N9ragkioXk4WtGM3s/IqUZ.1","action":"SyncServerConnectionManagerRequest", "result":"SYNC_SERVER_OK", "context":{"environment":"Prod_SoutheastAsia_000j", "migrationStage":"NotStarted", "server":"GENERAL0100001G"}}
{"logTime": "0216/054259", "correlationVector":"N9ragkioXk4WtGM3s/IqUZ.3","action":"Commit.Sessions", "result":"Success", "context":{"id":"e77a4085-37e4-4019-80d2-465bf54aa830", "isDeleted":"true", "size":"0", "version":"1708062144548"}}
{"logTime": "0216/054259", "correlationVector":"N9ragkioXk4WtGM3s/IqUZ.4","action":"Commit.Sessions", "result":"Success", "context":{"id":"82c2c59c-fa45-4667-ba4a-46ca044e3a6d", "isDeleted":"true", "size":"0", "version":"1708062113965"}}
{"logTime": "0216/054259", "correlationVector":"N9ragkioXk4WtGM3s/IqUZ.5","action":"Commit.Sessions", "result":"Success", "context":{"id":"55ae489d-e8e5-4e55-ac1a-e902c9df7343", "isDeleted":"true", "size":"0", "version":"1708062113967"}}
{"logTime": "0216/054259", "correlationVector":"N9ragkioXk4WtGM3s/IqUZ.2","action":"Commit Response", "result":"SYNCER_OK", "context":Result: SYNCER_OK. cV=N9ragkioXk4WtGM3s/IqUZ.0;server=GENERAL0100001G;cloudType=Consumer;environment=Prod_SoutheastAsia_000j;migrationStage=NotStarted}
{"logTime": "0216/054320", "correlationVector":"4ME19QvKhvHXVgxhMPIRWy","action":"Commit Request", "result":"", "context":Item count: 5
Contributing types: Preferences, Sessions}
{"logTime": "0216/054320", "correlationVector":"4ME19QvKhvHXVgxhMPIRWy.1","action":"SyncServerConnectionManagerRequest", "result":"SYNC_SERVER_OK", "context":{"environment":"Prod_SoutheastAsia_000j", "migrationStage":"NotStarted", "server":"GENERAL0300001F"}}
{"logTime": "0216/054320", "correlationVector":"4ME19QvKhvHXVgxhMPIRWy.3","action":"Commit.Sessions", "result":"Success", "context":{"id":"f790f0e7-93d3-4928-bcb1-e02908958e33", "isDeleted":"true", "size":"0", "version":"1708062178147"}}
{"logTime": "0216/054320", "correlationVector":"4ME19QvKhvHXVgxhMPIRWy.4","action":"Commit.Sessions", "result":"Success", "context":{"id":"253399cd-dcf5-4025-99d3-a75ab81a32bd", "isDeleted":"true", "size":"0", "version":"1708062178151"}}
{"logTime": "0216/054320", "correlationVector":"4ME19QvKhvHXVgxhMPIRWy.2","action":"Commit Response", "result":"SYNCER_OK", "context":Result: SYNCER_OK. cV=4ME19QvKhvHXVgxhMPIRWy.0;server=GENERAL0300001F;cloudType=Consumer;environment=Prod_SoutheastAsia_000j;migrationStage=NotStarted}
{"logTime": "0216/054353", "correlationVector":"iyaJWrsDpGkozVLq+3H0Fe","action":"Commit Request", "result":"", "context":Item count: 1
Contributing types: Sessions}
{"logTime": "0216/054353", "correlationVector":"iyaJWrsDpGkozVLq+3H0Fe.1","action":"SyncServerConnectionManagerRequest", "result":"SYNC_SERVER_OK", "context":{"environment":"Prod_SoutheastAsia_000j", "migrationStage":"NotStarted", "server":"GENERAL0100001B"}}
{"logTime": "0216/054353", "correlationVector":"iyaJWrsDpGkozVLq+3H0Fe.2","action":"Commit Response", "result":"SYNCER_OK", "context":Result: SYNCER_OK. cV=iyaJWrsDpGkozVLq+3H0Fe.0;server=GENERAL0100001B;cloudType=Consumer;environment=Prod_SoutheastAsia_000j;migrationStage=NotStarted}
{"logTime": "0216/054424", "correlationVector":"lT0VTyWv5jm56rHxVEnj9K","action":"Commit Request", "result":"", "context":Item count: 1
Contributing types: Sessions}
{"logTime": "0216/054425", "correlationVector":"lT0VTyWv5jm56rHxVEnj9K.1","action":"SyncServerConnectionManagerRequest", "result":"SYNC_SERVER_OK", "context":{"environment":"Prod_SoutheastAsia_000j", "migrationStage":"NotStarted", "server":"GENERAL01000019"}}
{"logTime": "0216/054425", "correlationVector":"lT0VTyWv5jm56rHxVEnj9K.2","action":"Commit Response", "result":"SYNCER_OK", "context":Result: SYNCER_OK. cV=lT0VTyWv5jm56rHxVEnj9K.0;server=GENERAL01000019;cloudType=Consumer;environment=Prod_SoutheastAsia_000j;migrationStage=NotStarted}
{"logTime": "0216/054502", "correlationVector":"ggUi7tBASlIez42eCyVrxb","action":"Commit Request", "result":"", "context":Item count: 3
Contributing types: Sessions}
{"logTime": "0216/054502", "correlationVector":"ggUi7tBASlIez42eCyVrxb.1","action":"SyncServerConnectionManagerRequest", "result":"SYNC_SERVER_OK", "context":{"environment":"Prod_SoutheastAsia_000j", "migrationStage":"NotStarted", "server":"GENERAL0100000O"}}
{"logTime": "0216/054502", "correlationVector":"ggUi7tBASlIez42eCyVrxb.2","action":"Commit Response", "result":"SYNCER_OK", "context":Result: SYNCER_OK. cV=ggUi7tBASlIez42eCyVrxb.0;server=GENERAL0100000O;cloudType=Consumer;environment=Prod_SoutheastAsia_000j;migrationStage=NotStarted}
{"logTime": "0216/054533", "correlationVector":"Vd6xx2+kNBx/o9pGkmQz1C","action":"Commit Request", "result":"", "context":Item count: 3
Contributing types: Sessions}
{"logTime": "0216/054536", "correlationVector":"Vd6xx2+kNBx/o9pGkmQz1C.1","action":"SyncServerConnectionManagerRequest", "result":"SYNC_SERVER_OK", "context":{"environment":"Prod_SoutheastAsia_000j", "migrationStage":"NotStarted", "server":"GENERAL0100000N"}}
{"logTime": "0216/054537", "correlationVector":"Vd6xx2+kNBx/o9pGkmQz1C.3","action":"Commit.Sessions", "result":"Success", "context":{"id":"83b1215a-5f52-4fc4-aa60-2a996a4632e7", "isDeleted":"true", "size":"0", "version":"1708062301051"}}
{"logTime": "0216/054537", "correlationVector":"Vd6xx2+kNBx/o9pGkmQz1C.2","action":"Commit Response", "result":"SYNCER_OK", "context":Result: SYNCER_OK. cV=Vd6xx2+kNBx/o9pGkmQz1C.0;server=GENERAL0100000N;cloudType=Consumer;environment=Prod_SoutheastAsia_000j;migrationStage=NotStarted}
{"logTime": "0216/054555", "correlationVector":"bNsiCQp5xRPzFzrg8DuJKG","action":"Commit Request", "result":"", "context":Item count: 4
Contributing types: Preferences, Sessions}
{"logTime": "0216/054555", "correlationVector":"bNsiCQp5xRPzFzrg8DuJKG.1","action":"SyncServerConnectionManagerRequest", "result":"SYNC_SERVER_OK", "context":{"environment":"Prod_SoutheastAsia_000j", "migrationStage":"NotStarted", "server":"GENERAL03000018"}}
{"logTime": "0216/054555", "correlationVector":"bNsiCQp5xRPzFzrg8DuJKG.2","action":"Commit Response", "result":"SYNCER_OK", "context":Result: SYNCER_OK. cV=bNsiCQp5xRPzFzrg8DuJKG.0;server=GENERAL03000018;cloudType=Consumer;environment=Prod_SoutheastAsia_000j;migrationStage=NotStarted}
{"logTime": "0216/054610", "correlationVector":"N60Og6tp6tbrPIfRQRea/5","action":"Commit Request", "result":"", "context":Item count: 4
Contributing types: Preferences, Sessions}
{"logTime": "0216/054610", "correlationVector":"N60Og6tp6tbrPIfRQRea/5.1","action":"SyncServerConnectionManagerRequest", "result":"SYNC_SERVER_OK", "context":{"environment":"Prod_SoutheastAsia_000j", "migrationStage":"NotStarted", "server":"GENERAL01000000"}}
{"logTime": "0216/054610", "correlationVector":"N60Og6tp6tbrPIfRQRea/5.2","action":"Commit Response", "result":"SYNCER_OK", "context":Result: SYNCER_OK. cV=N60Og6tp6tbrPIfRQRea/5.0;server=GENERAL01000000;cloudType=Consumer;environment=Prod_SoutheastAsia_000j;migrationStage=NotStarted}
{"logTime": "0216/055613", "correlationVector":"so/olST2bwgEpQMzDbJDBW","action":"Commit Request", "result":"", "context":Item count: 3
Contributing types: Sessions}
{"logTime": "0216/055613", "correlationVector":"so/olST2bwgEpQMzDbJDBW.1","action":"SyncServerConnectionManagerRequest", "result":"SYNC_SERVER_OK", "context":{"environment":"Prod_SoutheastAsia_000j", "migrationStage":"NotStarted", "server":"GENERAL0300000U"}}
{"logTime": "0216/055614", "correlationVector":"so/olST2bwgEpQMzDbJDBW.3","action":"Commit.Sessions", "result":"Success", "context":{"id":"ef387407-2a86-4be4-ab35-35f5fc047ced", "isDeleted":"true", "size":"0", "version":"1708062369170"}}
{"logTime": "0216/055614", "correlationVector":"so/olST2bwgEpQMzDbJDBW.2","action":"Commit Response", "result":"SYNCER_OK", "context":Result: SYNCER_OK. cV=so/olST2bwgEpQMzDbJDBW.0;server=GENERAL0300000U;cloudType=Consumer;environment=Prod_SoutheastAsia_000j;migrationStage=NotStarted}
{"logTime": "0216/055614", "correlationVector":"so/olST2bwgEpQMzDbJDBW.4","action":"Commit.Sessions", "result":"Success", "context":{"id":"29dca39b-5b9c-47fc-a728-7cb19c0ac397", "isDeleted":"true", "size":"0", "version":"1708062369171"}}
{"logTime": "0216/161128", "correlationVector":"ZePmK1mKdWV4ngIwq2LZzy","action":"SyncServerConnectionManagerRequest", "result":"CONNECTION_UNAVAILABLE", "context":{"error_type":"net_error_code", "error_value":"-105"}}
{"logTime": "0216/161129", "correlationVector":"3EYR1DOBPV9EWm1+C5miRH","action":"SyncServerConnectionManagerRequest", "result":"CONNECTION_UNAVAILABLE", "context":{"error_type":"net_error_code", "error_value":"-105"}}
{"logTime": "0216/161129", "correlationVector":"lHHVRN+u4M5DHGabN8VCpZ.1","action":"SyncServerConnectionManagerRequest", "result":"SYNC_SERVER_OK", "context":{"environment":"", "migrationStage":"", "server":""}}
{"logTime": "0216/161129", "correlationVector":"MGdXybmpHU64PlyvFfZu8N.1","action":"SyncServerConnectionManagerRequest", "result":"SYNC_SERVER_OK", "context":{"environment":"Prod_SoutheastAsia_000j", "migrationStage":"NotStarted", "server":"GENERAL0300000X"}}
{"logTime": "0216/161129", "correlationVector":"ZePmK1mKdWV4ngIwq2LZzy","action":"Initial GetUpdates", "result":"", "context":Reason: NEW_CLIENT. cV=ZePmK1mKdWV4ngIwq2LZzy}
{"logTime": "0216/161129", "correlationVector":"p+jAOkcTLMfAbRD0XzhsWC.0","action":"GetUpdates Response", "result":"NETWORK_ERROR_TRANSPORT (ERR_NAME_NOT_RESOLVED)", "context":Received error: NETWORK_ERROR_TRANSPORT (ERR_NAME_NOT_RESOLVED). }
{"logTime": "0216/161129", "correlationVector":"3EYR1DOBPV9EWm1+C5miRH","action":"Initial GetUpdates", "result":"", "context":Reason: NEW_CLIENT. cV=3EYR1DOBPV9EWm1+C5miRH}
{"logTime": "0216/161129", "correlationVector":"lHHVRN+u4M5DHGabN8VCpZ.0","action":"GetUpdates Response", "result":"NETWORK_ERROR_TRANSPORT (ERR_NAME_NOT_RESOLVED)", "context":Received error: NETWORK_ERROR_TRANSPORT (ERR_NAME_NOT_RESOLVED). }
{"logTime": "0216/161129", "correlationVector":"MGdXybmpHU64PlyvFfZu8N","action":"Initial GetUpdates", "result":"", "context":Reason: NEW_CLIENT. cV=MGdXybmpHU64PlyvFfZu8N}
{"logTime": "0216/161129", "correlationVector":"MGdXybmpHU64PlyvFfZu8N.2","action":"GetUpdates Response", "result":"SYNCER_OK", "context":Received 1 update(s). cV=MGdXybmpHU64PlyvFfZu8N.0;server=GENERAL0300000X;cloudType=Consumer;environment=Prod_SoutheastAsia_000j;migrationStage=NotStarted}
{"logTime": "0216/161129", "correlationVector":"ciDSbfaaRGuJpPvszY6q8c","action":"Normal GetUpdate request", "result":"", "context":cV=ciDSbfaaRGuJpPvszY6q8c
Nudged types: Sessions
Refresh requested types: Bookmarks, Preferences, Passwords, Autofill Profiles, Autofill, Autofill Custom Data, Typed URLs, Extensions, Sessions, Extension settings, History Delete Directives, Device Info, User Consents, Send Tab To Self, Web Apps, Collection, Edge E Drop, Edge Hub App Usage, Edge Wallet, Encryption Keys}
{"logTime": "0216/161129", "correlationVector":"ciDSbfaaRGuJpPvszY6q8c.1","action":"SyncServerConnectionManagerRequest", "result":"SYNC_SERVER_OK", "context":{"environment":"Prod_SoutheastAsia_000j", "migrationStage":"NotStarted", "server":"GENERAL0100001D"}}
{"logTime": "0216/161129", "correlationVector":"ciDSbfaaRGuJpPvszY6q8c.2","action":"GetUpdates", "result":"DeleteReceived", "context":{"id":"5af1dbff-c4df-4484-9326-c788f840f1ae", "isDeleted:":"true", "version":"1708062037762"}}
{"logTime": "0216/161129", "correlationVector":"ciDSbfaaRGuJpPvszY6q8c.3","action":"GetUpdates", "result":"DeleteReceived", "context":{"id":"f64da587-9165-418e-8053-a234588fe040", "isDeleted:":"true", "version":"1708062037765"}}
{"logTime": "0216/161129", "correlationVector":"ciDSbfaaRGuJpPvszY6q8c.4","action":"GetUpdates", "result":"DeleteReceived", "context":{"id":"2fda3815-608c-4425-bbff-df6cea0c32a6", "isDeleted:":"true", "version":"1708062042761"}}
{"logTime": "0216/161129", "correlationVector":"ciDSbfaaRGuJpPvszY6q8c.5","action":"GetUpdates", "result":"DeleteReceived", "context":{"id":"e77a4085-37e4-4019-80d2-465bf54aa830", "isDeleted:":"true", "version":"1708062178149"}}
{"logTime": "0216/161129", "correlationVector":"ciDSbfaaRGuJpPvszY6q8c.6","action":"GetUpdates", "result":"DeleteReceived", "context":{"id":"82c2c59c-fa45-4667-ba4a-46ca044e3a6d", "isDeleted:":"true", "version":"1708062178150"}}
{"logTime": "0216/161129", "correlationVector":"ciDSbfaaRGuJpPvszY6q8c.7","action":"GetUpdates", "result":"DeleteReceived", "context":{"id":"55ae489d-e8e5-4e55-ac1a-e902c9df7343", "isDeleted:":"true", "version":"1708062178152"}}
{"logTime": "0216/161129", "correlationVector":"ciDSbfaaRGuJpPvszY6q8c.8","action":"GetUpdates", "result":"DeleteReceived", "context":{"id":"f790f0e7-93d3-4928-bcb1-e02908958e33", "isDeleted:":"true", "version":"1708062199071"}}
{"logTime": "0216/161129", "correlationVector":"ciDSbfaaRGuJpPvszY6q8c.9","action":"GetUpdates", "result":"DeleteReceived", "context":{"id":"253399cd-dcf5-4025-99d3-a75ab81a32bd", "isDeleted:":"true", "version":"1708062199073"}}
{"logTime": "0216/161129", "correlationVector":"ciDSbfaaRGuJpPvszY6q8c.10","action":"GetUpdates", "result":"DeleteReceived", "context":{"id":"83b1215a-5f52-4fc4-aa60-2a996a4632e7", "isDeleted:":"true", "version":"1708062332605"}}
{"logTime": "0216/161129", "correlationVector":"ciDSbfaaRGuJpPvszY6q8c.11","action":"GetUpdates", "result":"DeleteReceived", "context":{"id":"ef387407-2a86-4be4-ab35-35f5fc047ced", "isDeleted:":"true", "version":"1708062972271"}}
{"logTime": "0216/161129", "correlationVector":"ciDSbfaaRGuJpPvszY6q8c.12","action":"GetUpdates", "result":"DeleteReceived", "context":{"id":"29dca39b-5b9c-47fc-a728-7cb19c0ac397", "isDeleted:":"true", "version":"1708062972272"}}
{"logTime": "0216/161129", "correlationVector":"ciDSbfaaRGuJpPvszY6q8c.13","action":"GetUpdates Response", "result":"SYNCER_OK", "context":Received 15 update(s). cV=ciDSbfaaRGuJpPvszY6q8c.0;server=GENERAL0100001D;cloudType=Consumer;environment=Prod_SoutheastAsia_000j;migrationStage=NotStarted}
{"logTime": "0216/161129", "correlationVector":"Lg117raHpB9ejS3gk5CTqR","action":"Poll GetUpdate request", "result":"", "context":cV=Lg117raHpB9ejS3gk5CTqR}
{"logTime": "0216/161129", "correlationVector":"Lg117raHpB9ejS3gk5CTqR.1","action":"SyncServerConnectionManagerRequest", "result":"SYNC_SERVER_OK", "context":{"environment":"Prod_SoutheastAsia_000j", "migrationStage":"NotStarted", "server":"GENERAL0300000Y"}}
{"logTime": "0216/161129", "correlationVector":"Lg117raHpB9ejS3gk5CTqR.2","action":"GetUpdates Response", "result":"SYNCER_OK", "context":Received 0 update(s). cV=Lg117raHpB9ejS3gk5CTqR.0;server=GENERAL0300000Y;cloudType=Consumer;environment=Prod_SoutheastAsia_000j;migrationStage=NotStarted}
{"logTime": "0216/161158", "correlationVector":"9263b4Ugy7Bzfv+T0Dd/YB","action":"Normal GetUpdate request", "result":"", "context":cV=9263b4Ugy7Bzfv+T0Dd/YB
Nudged types: Sessions}
{"logTime": "0216/161200", "correlationVector":"9263b4Ugy7Bzfv+T0Dd/YB.1","action":"SyncServerConnectionManagerRequest", "result":"SYNC_SERVER_OK", "context":{"environment":"Prod_SoutheastAsia_000j", "migrationStage":"NotStarted", "server":"GENERAL0100000F"}}
{"logTime": "0216/161201", "correlationVector":"9263b4Ugy7Bzfv+T0Dd/YB.2","action":"GetUpdates Response", "result":"SYNCER_OK", "context":Received 0 update(s). cV=9263b4Ugy7Bzfv+T0Dd/YB.0;server=GENERAL0100000F;cloudType=Consumer;environment=Prod_SoutheastAsia_000j;migrationStage=NotStarted}
{"logTime": "0216/161202", "correlationVector":"ZPPZHv3jXovsjVSjkJXG7x","action":"Commit Request", "result":"", "context":Item count: 2
Contributing types: Sessions}
{"logTime": "0216/161205", "correlationVector":"ZPPZHv3jXovsjVSjkJXG7x.1","action":"SyncServerConnectionManagerRequest", "result":"SYNC_SERVER_OK", "context":{"environment":"Prod_SoutheastAsia_000j", "migrationStage":"NotStarted", "server":"GENERAL0300002E"}}
{"logTime": "0216/161207", "correlationVector":"ZPPZHv3jXovsjVSjkJXG7x.2","action":"Commit Response", "result":"SYNCER_OK", "context":Result: SYNCER_OK. cV=ZPPZHv3jXovsjVSjkJXG7x.0;server=GENERAL0300002E;cloudType=Consumer;environment=Prod_SoutheastAsia_000j;migrationStage=NotStarted}
{"logTime": "0216/161210", "correlationVector":"4GqY0j0pXZILy4dQbSQYGh","action":"Commit Request", "result":"", "context":Item count: 2
Contributing types: Preferences, Sessions}
{"logTime": "0216/161219", "correlationVector":"4GqY0j0pXZILy4dQbSQYGh.1","action":"SyncServerConnectionManagerRequest", "result":"SYNC_SERVER_OK", "context":{"environment":"Prod_SoutheastAsia_000j", "migrationStage":"NotStarted", "server":"GENERAL03000024"}}
{"logTime": "0216/161219", "correlationVector":"4GqY0j0pXZILy4dQbSQYGh.2","action":"Commit Response", "result":"SYNCER_OK", "context":Result: SYNCER_OK. cV=4GqY0j0pXZILy4dQbSQYGh.0;server=GENERAL03000024;cloudType=Consumer;environment=Prod_SoutheastAsia_000j;migrationStage=NotStarted}
{"logTime": "0216/161257", "correlationVector":"MXgAszWoYAgd1+8jCotLrC","action":"Commit Request", "result":"", "context":Item count: 1
Contributing types: Sessions}
{"logTime": "0216/161258", "correlationVector":"MXgAszWoYAgd1+8jCotLrC.1","action":"SyncServerConnectionManagerRequest", "result":"SYNC_SERVER_OK", "context":{"environment":"Prod_SoutheastAsia_000j", "migrationStage":"NotStarted", "server":"GENERAL01000003"}}
{"logTime": "0216/161258", "correlationVector":"MXgAszWoYAgd1+8jCotLrC.2","action":"Commit Response", "result":"SYNCER_OK", "context":Result: SYNCER_OK. cV=MXgAszWoYAgd1+8jCotLrC.0;server=GENERAL01000003;cloudType=Consumer;environment=Prod_SoutheastAsia_000j;migrationStage=NotStarted}
{"logTime": "0216/161530", "correlationVector":"jN1eXUKScyMuKUN4BqadKk","action":"Normal GetUpdate request", "result":"", "context":cV=jN1eXUKScyMuKUN4BqadKk
Nudged types: Sessions
Refresh requested types: Bookmarks, Preferences, Passwords, Autofill Profiles, Autofill, Autofill Custom Data, Typed URLs, Extensions, Sessions, Extension settings, History Delete Directives, Device Info, User Consents, Send Tab To Self, Web Apps, Collection, Edge E Drop, Edge Hub App Usage, Edge Wallet, Encryption Keys}
{"logTime": "0216/161531", "correlationVector":"jN1eXUKScyMuKUN4BqadKk.1","action":"SyncServerConnectionManagerRequest", "result":"SYNC_SERVER_OK", "context":{"environment":"Prod_SoutheastAsia_000j", "migrationStage":"NotStarted", "server":"GENERAL03000024"}}
{"logTime": "0216/161531", "correlationVector":"jN1eXUKScyMuKUN4BqadKk.2","action":"GetUpdates Response", "result":"SYNCER_OK", "context":Received 3 update(s). cV=jN1eXUKScyMuKUN4BqadKk.0;server=GENERAL03000024;cloudType=Consumer;environment=Prod_SoutheastAsia_000j;migrationStage=NotStarted}
{"logTime": "0216/161531", "correlationVector":"COfXcKB7PTqs7B/vZejfD5","action":"Commit Request", "result":"", "context":Item count: 1
Contributing types: Sessions}
{"logTime": "0216/161531", "correlationVector":"COfXcKB7PTqs7B/vZejfD5.1","action":"SyncServerConnectionManagerRequest", "result":"SYNC_SERVER_OK", "context":{"environment":"Prod_SoutheastAsia_000j", "migrationStage":"NotStarted", "server":"GENERAL0100000M"}}
{"logTime": "0216/161531", "correlationVector":"COfXcKB7PTqs7B/vZejfD5.2","action":"Commit Response", "result":"SYNCER_OK", "context":Result: SYNCER_OK. cV=COfXcKB7PTqs7B/vZejfD5.0;server=GENERAL0100000M;cloudType=Consumer;environment=Prod_SoutheastAsia_000j;migrationStage=NotStarted}
{"logTime": "0216/161601", "correlationVector":"Z5APDLX6eP/NB42Wpps/Pd","action":"Commit Request", "result":"", "context":Item count: 1
Contributing types: Sessions}
{"logTime": "0216/161602", "correlationVector":"Z5APDLX6eP/NB42Wpps/Pd.1","action":"SyncServerConnectionManagerRequest", "result":"SYNC_SERVER_OK", "context":{"environment":"Prod_SoutheastAsia_000j", "migrationStage":"NotStarted", "server":"GENERAL0100000T"}}
{"logTime": "0216/161602", "correlationVector":"Z5APDLX6eP/NB42Wpps/Pd.2","action":"Commit Response", "result":"SYNCER_OK", "context":Result: SYNCER_OK. cV=Z5APDLX6eP/NB42Wpps/Pd.0;server=GENERAL0100000T;cloudType=Consumer;environment=Prod_SoutheastAsia_000j;migrationStage=NotStarted}
{"logTime": "0216/161643", "correlationVector":"wG4278uAVF0qW0xGibadOp","action":"Commit Request", "result":"", "context":Item count: 1
Contributing types: Sessions}
{"logTime": "0216/161648", "correlationVector":"wG4278uAVF0qW0xGibadOp.1","action":"SyncServerConnectionManagerRequest", "result":"SYNC_SERVER_OK", "context":{"environment":"Prod_SoutheastAsia_000j", "migrationStage":"NotStarted", "server":"GENERAL0300001D"}}
{"logTime": "0216/161648", "correlationVector":"wG4278uAVF0qW0xGibadOp.2","action":"Commit Response", "result":"SYNCER_OK", "context":Result: SYNCER_OK. cV=wG4278uAVF0qW0xGibadOp.0;server=GENERAL0300001D;cloudType=Consumer;environment=Prod_SoutheastAsia_000j;migrationStage=NotStarted}
{"logTime": "0216/161650", "correlationVector":"+WB2rzw89hqs7a8Kgsrw0j","action":"Commit Request", "result":"", "context":Item count: 1
Contributing types: Preferences}
{"logTime": "0216/161651", "correlationVector":"+WB2rzw89hqs7a8Kgsrw0j.1","action":"SyncServerConnectionManagerRequest", "result":"SYNC_SERVER_OK", "context":{"environment":"Prod_SoutheastAsia_000j", "migrationStage":"NotStarted", "server":"GENERAL0300001P"}}
{"logTime": "0216/161651", "correlationVector":"+WB2rzw89hqs7a8Kgsrw0j.2","action":"Commit Response", "result":"SYNCER_OK", "context":Result: SYNCER_OK. cV=+WB2rzw89hqs7a8Kgsrw0j.0;server=GENERAL0300001P;cloudType=Consumer;environment=Prod_SoutheastAsia_000j;migrationStage=NotStarted}
{"logTime": "0216/161724", "correlationVector":"AmjLQFr2qD+WPWh0kcuK2T","action":"Commit Request", "result":"", "context":Item count: 1
Contributing types: Sessions}
{"logTime": "0216/161725", "correlationVector":"AmjLQFr2qD+WPWh0kcuK2T.1","action":"SyncServerConnectionManagerRequest", "result":"SYNC_SERVER_OK", "context":{"environment":"Prod_SoutheastAsia_000j", "migrationStage":"NotStarted", "server":"GENERAL03000011"}}
{"logTime": "0216/161725", "correlationVector":"AmjLQFr2qD+WPWh0kcuK2T.2","action":"Commit Response", "result":"SYNCER_OK", "context":Result: SYNCER_OK. cV=AmjLQFr2qD+WPWh0kcuK2T.0;server=GENERAL03000011;cloudType=Consumer;environment=Prod_SoutheastAsia_000j;migrationStage=NotStarted}
{"logTime": "0216/161800", "correlationVector":"2ywC9IFXbohdCJ5wM5WDLw","action":"Commit Request", "result":"", "context":Item count: 1
Contributing types: Preferences}
{"logTime": "0216/161805", "correlationVector":"2ywC9IFXbohdCJ5wM5WDLw.1","action":"SyncServerConnectionManagerRequest", "result":"SYNC_SERVER_OK", "context":{"environment":"Prod_SoutheastAsia_000j", "migrationStage":"NotStarted", "server":"GENERAL01000014"}}
{"logTime": "0216/161805", "correlationVector":"2ywC9IFXbohdCJ5wM5WDLw.2","action":"Commit Response", "result":"SYNCER_OK", "context":Result: SYNCER_OK. cV=2ywC9IFXbohdCJ5wM5WDLw.0;server=GENERAL01000014;cloudType=Consumer;environment=Prod_SoutheastAsia_000j;migrationStage=NotStarted}
{"logTime": "0216/161835", "correlationVector":"IhgPhSqQ2/mAvr3g9SCuhW","action":"Commit Request", "result":"", "context":Item count: 1
Contributing types: Sessions}
{"logTime": "0216/161836", "correlationVector":"IhgPhSqQ2/mAvr3g9SCuhW.1","action":"SyncServerConnectionManagerRequest", "result":"SYNC_SERVER_OK", "context":{"environment":"Prod_SoutheastAsia_000j", "migrationStage":"NotStarted", "server":"GENERAL0100001I"}}
{"logTime": "0216/161836", "correlationVector":"IhgPhSqQ2/mAvr3g9SCuhW.2","action":"Commit Response", "result":"SYNCER_OK", "context":Result: SYNCER_OK. cV=IhgPhSqQ2/mAvr3g9SCuhW.0;server=GENERAL0100001I;cloudType=Consumer;environment=Prod_SoutheastAsia_000j;migrationStage=NotStarted}
{"logTime": "0216/161857", "correlationVector":"VPSlj65HIWrQ8Jcod3hILp","action":"Commit Request", "result":"", "context":Item count: 2
Contributing types: Preferences, Sessions}
{"logTime": "0216/161900", "correlationVector":"VPSlj65HIWrQ8Jcod3hILp.1","action":"SyncServerConnectionManagerRequest", "result":"SYNC_SERVER_OK", "context":{"environment":"Prod_SoutheastAsia_000j", "migrationStage":"NotStarted", "server":"GENERAL01000000"}}
{"logTime": "0216/161900", "correlationVector":"VPSlj65HIWrQ8Jcod3hILp.2","action":"Commit Response", "result":"SYNCER_OK", "context":Result: SYNCER_OK. cV=VPSlj65HIWrQ8Jcod3hILp.0;server=GENERAL01000000;cloudType=Consumer;environment=Prod_SoutheastAsia_000j;migrationStage=NotStarted}
{"logTime": "0216/161945", "correlationVector":"d7ESMyLlLnnMmkmuuguhAI","action":"Commit Request", "result":"", "context":Item count: 1
Contributing types: Sessions}
{"logTime": "0216/161950", "correlationVector":"d7ESMyLlLnnMmkmuuguhAI.1","action":"SyncServerConnectionManagerRequest", "result":"SYNC_SERVER_OK", "context":{"environment":"Prod_SoutheastAsia_000j", "migrationStage":"NotStarted", "server":"GENERAL0300001E"}}
{"logTime": "0216/161950", "correlationVector":"d7ESMyLlLnnMmkmuuguhAI.2","action":"Commit Response", "result":"SYNCER_OK", "context":Result: SYNCER_OK. cV=d7ESMyLlLnnMmkmuuguhAI.0;server=GENERAL0300001E;cloudType=Consumer;environment=Prod_SoutheastAsia_000j;migrationStage=NotStarted}
{"logTime": "0216/162020", "correlationVector":"evGDo61gKPhLism8Fbn8L1","action":"Commit Request", "result":"", "context":Item count: 1
Contributing types: Sessions}
{"logTime": "0216/162021", "correlationVector":"evGDo61gKPhLism8Fbn8L1.1","action":"SyncServerConnectionManagerRequest", "result":"SYNC_SERVER_OK", "context":{"environment":"Prod_SoutheastAsia_000j", "migrationStage":"NotStarted", "server":"GENERAL0300001K"}}
{"logTime": "0216/162021", "correlationVector":"evGDo61gKPhLism8Fbn8L1.2","action":"Commit Response", "result":"SYNCER_OK", "context":Result: SYNCER_OK. cV=evGDo61gKPhLism8Fbn8L1.0;server=GENERAL0300001K;cloudType=Consumer;environment=Prod_SoutheastAsia_000j;migrationStage=NotStarted}
{"logTime": "0216/162051", "correlationVector":"duycpaIQxHAb1/4GB6VPWm","action":"Commit Request", "result":"", "context":Item count: 1
Contributing types: Sessions}
{"logTime": "0216/162055", "correlationVector":"duycpaIQxHAb1/4GB6VPWm.1","action":"SyncServerConnectionManagerRequest", "result":"SYNC_SERVER_OK", "context":{"environment":"Prod_SoutheastAsia_000j", "migrationStage":"NotStarted", "server":"GENERAL01000014"}}
{"logTime": "0216/162055", "correlationVector":"duycpaIQxHAb1/4GB6VPWm.2","action":"Commit Response", "result":"SYNCER_OK", "context":Result: SYNCER_OK. cV=duycpaIQxHAb1/4GB6VPWm.0;server=GENERAL01000014;cloudType=Consumer;environment=Prod_SoutheastAsia_000j;migrationStage=NotStarted}
{"logTime": "0216/162206", "correlationVector":"/LoNkkgMBbVYS/ECcJUZZt","action":"Commit Request", "result":"", "context":Item count: 1
Contributing types: Sessions}
{"logTime": "0216/162210", "correlationVector":"/LoNkkgMBbVYS/ECcJUZZt.1","action":"SyncServerConnectionManagerRequest", "result":"SYNC_SERVER_OK", "context":{"environment":"Prod_SoutheastAsia_000j", "migrationStage":"NotStarted", "server":"GENERAL0100000D"}}
{"logTime": "0216/162210", "correlationVector":"/LoNkkgMBbVYS/ECcJUZZt.2","action":"Commit Response", "result":"SYNCER_OK", "context":Result: SYNCER_OK. cV=/LoNkkgMBbVYS/ECcJUZZt.0;server=GENERAL0100000D;cloudType=Consumer;environment=Prod_SoutheastAsia_000j;migrationStage=NotStarted}
{"logTime": "0216/162240", "correlationVector":"uve3xiqeW18SY99/eJmHFg","action":"Commit Request", "result":"", "context":Item count: 1
Contributing types: Sessions}
{"logTime": "0216/162241", "correlationVector":"uve3xiqeW18SY99/eJmHFg.1","action":"SyncServerConnectionManagerRequest", "result":"SYNC_SERVER_OK", "context":{"environment":"Prod_SoutheastAsia_000j", "migrationStage":"NotStarted", "server":"GENERAL0100000Q"}}
{"logTime": "0216/162241", "correlationVector":"uve3xiqeW18SY99/eJmHFg.2","action":"Commit Response", "result":"SYNCER_OK", "context":Result: SYNCER_OK. cV=uve3xiqeW18SY99/eJmHFg.0;server=GENERAL0100000Q;cloudType=Consumer;environment=Prod_SoutheastAsia_000j;migrationStage=NotStarted}
{"logTime": "0216/162322", "correlationVector":"q1bigkIlrXBLATYRwyEJ4F","action":"Commit Request", "result":"", "context":Item count: 1
Contributing types: Sessions}
{"logTime": "0216/162326", "correlationVector":"q1bigkIlrXBLATYRwyEJ4F.1","action":"SyncServerConnectionManagerRequest", "result":"SYNC_SERVER_OK", "context":{"environment":"Prod_SoutheastAsia_000j", "migrationStage":"NotStarted", "server":"GENERAL0300000B"}}
{"logTime": "0216/162326", "correlationVector":"q1bigkIlrXBLATYRwyEJ4F.2","action":"Commit Response", "result":"SYNCER_OK", "context":Result: SYNCER_OK. cV=q1bigkIlrXBLATYRwyEJ4F.0;server=GENERAL0300000B;cloudType=Consumer;environment=Prod_SoutheastAsia_000j;migrationStage=NotStarted}
{"logTime": "0216/162638", "correlationVector":"m5qYUgjNfY59jNynQFsBQs","action":"Commit Request", "result":"", "context":Item count: 1
Contributing types: Sessions}
{"logTime": "0216/162638", "correlationVector":"m5qYUgjNfY59jNynQFsBQs.1","action":"SyncServerConnectionManagerRequest", "result":"SYNC_SERVER_OK", "context":{"environment":"Prod_SoutheastAsia_000j", "migrationStage":"NotStarted", "server":"GENERAL0100001J"}}
{"logTime": "0216/162638", "correlationVector":"m5qYUgjNfY59jNynQFsBQs.2","action":"Commit Response", "result":"SYNCER_OK", "context":Result: SYNCER_OK. cV=m5qYUgjNfY59jNynQFsBQs.0;server=GENERAL0100001J;cloudType=Consumer;environment=Prod_SoutheastAsia_000j;migrationStage=NotStarted}
{"logTime": "0216/162721", "correlationVector":"Ja23S/9WMos7SOqfzMEaTr","action":"Commit Request", "result":"", "context":Item count: 1
Contributing types: Sessions}
{"logTime": "0216/162721", "correlationVector":"Ja23S/9WMos7SOqfzMEaTr.1","action":"SyncServerConnectionManagerRequest", "result":"SYNC_SERVER_OK", "context":{"environment":"Prod_SoutheastAsia_000j", "migrationStage":"NotStarted", "server":"GENERAL0100001F"}}
{"logTime": "0216/162721", "correlationVector":"Ja23S/9WMos7SOqfzMEaTr.2","action":"Commit Response", "result":"SYNCER_OK", "context":Result: SYNCER_OK. cV=Ja23S/9WMos7SOqfzMEaTr.0;server=GENERAL0100001F;cloudType=Consumer;environment=Prod_SoutheastAsia_000j;migrationStage=NotStarted}
{"logTime": "0216/162819", "correlationVector":"kLzah+zR3QiGI2rPa0qyoO","action":"Commit Request", "result":"", "context":Item count: 1
Contributing types: Sessions}
{"logTime": "0216/162819", "correlationVector":"kLzah+zR3QiGI2rPa0qyoO.1","action":"SyncServerConnectionManagerRequest", "result":"SYNC_SERVER_OK", "context":{"environment":"Prod_SoutheastAsia_000j", "migrationStage":"NotStarted", "server":"GENERAL0300001X"}}
{"logTime": "0216/162819", "correlationVector":"kLzah+zR3QiGI2rPa0qyoO.2","action":"Commit Response", "result":"SYNCER_OK", "context":Result: SYNCER_OK. cV=kLzah+zR3QiGI2rPa0qyoO.0;server=GENERAL0300001X;cloudType=Consumer;environment=Prod_SoutheastAsia_000j;migrationStage=NotStarted}
{"logTime": "0216/162942", "correlationVector":"7cIoFPgmgCLJqcw7OBMf0N","action":"Commit Request", "result":"", "context":Item count: 1
Contributing types: Sessions}
{"logTime": "0216/162943", "correlationVector":"7cIoFPgmgCLJqcw7OBMf0N.1","action":"SyncServerConnectionManagerRequest", "result":"SYNC_SERVER_OK", "context":{"environment":"Prod_SoutheastAsia_000j", "migrationStage":"NotStarted", "server":"GENERAL0300001F"}}
{"logTime": "0216/162943", "correlationVector":"7cIoFPgmgCLJqcw7OBMf0N.2","action":"Commit Response", "result":"SYNCER_OK", "context":Result: SYNCER_OK. cV=7cIoFPgmgCLJqcw7OBMf0N.0;server=GENERAL0300001F;cloudType=Consumer;environment=Prod_SoutheastAsia_000j;migrationStage=NotStarted}
{"logTime": "0216/163003", "correlationVector":"A5JUtKCLL6qHbKgU4czsZz","action":"Commit Request", "result":"", "context":Item count: 1
Contributing types: Preferences}
{"logTime": "0216/163004", "correlationVector":"A5JUtKCLL6qHbKgU4czsZz.1","action":"SyncServerConnectionManagerRequest", "result":"SYNC_SERVER_OK", "context":{"environment":"Prod_SoutheastAsia_000j", "migrationStage":"NotStarted", "server":"GENERAL03000008"}}
{"logTime": "0216/163004", "correlationVector":"A5JUtKCLL6qHbKgU4czsZz.2","action":"Commit Response", "result":"SYNCER_OK", "context":Result: SYNCER_OK. cV=A5JUtKCLL6qHbKgU4czsZz.0;server=GENERAL03000008;cloudType=Consumer;environment=Prod_SoutheastAsia_000j;migrationStage=NotStarted}
{"logTime": "0216/163008", "correlationVector":"hHwahHsF90gnuFkUjR3eqT","action":"Commit Request", "result":"", "context":Item count: 1
Contributing types: Preferences}
{"logTime": "0216/163009", "correlationVector":"hHwahHsF90gnuFkUjR3eqT.1","action":"SyncServerConnectionManagerRequest", "result":"SYNC_SERVER_OK", "context":{"environment":"Prod_SoutheastAsia_000j", "migrationStage":"NotStarted", "server":"GENERAL01000009"}}
{"logTime": "0216/163009", "correlationVector":"hHwahHsF90gnuFkUjR3eqT.2","action":"Commit Response", "result":"SYNCER_OK", "context":Result: SYNCER_OK. cV=hHwahHsF90gnuFkUjR3eqT.0;server=GENERAL01000009;cloudType=Consumer;environment=Prod_SoutheastAsia_000j;migrationStage=NotStarted}
{"logTime": "0216/163054", "correlationVector":"iJEAS340Q0yPEf66wdG/3Q","action":"Commit Request", "result":"", "context":Item count: 4
Contributing types: Sessions}
{"logTime": "0216/163101", "correlationVector":"iJEAS340Q0yPEf66wdG/3Q.1","action":"SyncServerConnectionManagerRequest", "result":"SYNC_SERVER_OK", "context":{"environment":"Prod_SoutheastAsia_000j", "migrationStage":"NotStarted", "server":"GENERAL0100000X"}}
{"logTime": "0216/163101", "correlationVector":"iJEAS340Q0yPEf66wdG/3Q.2","action":"Commit Response", "result":"SYNCER_OK", "context":Result: SYNCER_OK. cV=iJEAS340Q0yPEf66wdG/3Q.0;server=GENERAL0100000X;cloudType=Consumer;environment=Prod_SoutheastAsia_000j;migrationStage=NotStarted}
{"logTime": "0216/163131", "correlationVector":"89isZebtVqrXKWCwAshcP6","action":"Commit Request", "result":"", "context":Item count: 2
Contributing types: Sessions}
{"logTime": "0216/163141", "correlationVector":"89isZebtVqrXKWCwAshcP6.1","action":"SyncServerConnectionManagerRequest", "result":"SYNC_SERVER_OK", "context":{"environment":"Prod_SoutheastAsia_000j", "migrationStage":"NotStarted", "server":"GENERAL0300001Q"}}
{"logTime": "0216/163141", "correlationVector":"89isZebtVqrXKWCwAshcP6.2","action":"Commit Response", "result":"SYNCER_OK", "context":Result: SYNCER_OK. cV=89isZebtVqrXKWCwAshcP6.0;server=GENERAL0300001Q;cloudType=Consumer;environment=Prod_SoutheastAsia_000j;migrationStage=NotStarted}
{"logTime": "0216/163319", "correlationVector":"Umfwg98056iBN4Qb1EUjg2","action":"Commit Request", "result":"", "context":Item count: 1
Contributing types: Sessions}
{"logTime": "0216/163319", "correlationVector":"Umfwg98056iBN4Qb1EUjg2.1","action":"SyncServerConnectionManagerRequest", "result":"SYNC_SERVER_OK", "context":{"environment":"Prod_SoutheastAsia_000j", "migrationStage":"NotStarted", "server":"GENERAL0100001C"}}
{"logTime": "0216/163319", "correlationVector":"Umfwg98056iBN4Qb1EUjg2.2","action":"Commit Response", "result":"SYNCER_OK", "context":Result: SYNCER_OK. cV=Umfwg98056iBN4Qb1EUjg2.0;server=GENERAL0100001C;cloudType=Consumer;environment=Prod_SoutheastAsia_000j;migrationStage=NotStarted}
{"logTime": "0216/163522", "correlationVector":"8ODYvyF1XLwmJXi7QzYAFR","action":"Commit Request", "result":"", "context":Item count: 1
Contributing types: Sessions}
{"logTime": "0216/163523", "correlationVector":"8ODYvyF1XLwmJXi7QzYAFR.1","action":"SyncServerConnectionManagerRequest", "result":"SYNC_SERVER_OK", "context":{"environment":"Prod_SoutheastAsia_000j", "migrationStage":"NotStarted", "server":"GENERAL01000000"}}
{"logTime": "0216/163523", "correlationVector":"8ODYvyF1XLwmJXi7QzYAFR.2","action":"Commit Response", "result":"SYNCER_OK", "context":Result: SYNCER_OK. cV=8ODYvyF1XLwmJXi7QzYAFR.0;server=GENERAL01000000;cloudType=Consumer;environment=Prod_SoutheastAsia_000j;migrationStage=NotStarted}
{"logTime": "0216/163539", "correlationVector":"e/r9zmbALuC8OW8OAAAGgR","action":"Commit Request", "result":"", "context":Item count: 1
Contributing types: Preferences}
{"logTime": "0216/163541", "correlationVector":"e/r9zmbALuC8OW8OAAAGgR.1","action":"SyncServerConnectionManagerRequest", "result":"SYNC_SERVER_OK", "context":{"environment":"Prod_SoutheastAsia_000j", "migrationStage":"NotStarted", "server":"GENERAL0100000X"}}
{"logTime": "0216/163541", "correlationVector":"e/r9zmbALuC8OW8OAAAGgR.2","action":"Commit Response", "result":"SYNCER_OK", "context":Result: SYNCER_OK. cV=e/r9zmbALuC8OW8OAAAGgR.0;server=GENERAL0100000X;cloudType=Consumer;environment=Prod_SoutheastAsia_000j;migrationStage=NotStarted}
{"logTime": "0216/163633", "correlationVector":"8wB62Et64ZMRGQ9zs+JSzi","action":"Commit Request", "result":"", "context":Item count: 1
Contributing types: Sessions}
{"logTime": "0216/163633", "correlationVector":"8wB62Et64ZMRGQ9zs+JSzi.1","action":"SyncServerConnectionManagerRequest", "result":"SYNC_SERVER_OK", "context":{"environment":"Prod_SoutheastAsia_000j", "migrationStage":"NotStarted", "server":"GENERAL0100000R"}}
{"logTime": "0216/163633", "correlationVector":"8wB62Et64ZMRGQ9zs+JSzi.2","action":"Commit Response", "result":"SYNCER_OK", "context":Result: SYNCER_OK. cV=8wB62Et64ZMRGQ9zs+JSzi.0;server=GENERAL0100000R;cloudType=Consumer;environment=Prod_SoutheastAsia_000j;migrationStage=NotStarted}
{"logTime": "0216/163738", "correlationVector":"/JR1gqJIcicAlfhBw7JlNY","action":"Commit Request", "result":"", "context":Item count: 1
Contributing types: Sessions}
{"logTime": "0216/163740", "correlationVector":"/JR1gqJIcicAlfhBw7JlNY.1","action":"SyncServerConnectionManagerRequest", "result":"SYNC_SERVER_OK", "context":{"environment":"Prod_SoutheastAsia_000j", "migrationStage":"NotStarted", "server":"GENERAL03000024"}}
{"logTime": "0216/163740", "correlationVector":"/JR1gqJIcicAlfhBw7JlNY.2","action":"Commit Response", "result":"SYNCER_OK", "context":Result: SYNCER_OK. cV=/JR1gqJIcicAlfhBw7JlNY.0;server=GENERAL03000024;cloudType=Consumer;environment=Prod_SoutheastAsia_000j;migrationStage=NotStarted}
{"logTime": "0216/163818", "correlationVector":"FVepyKBDACdEAL+EGk6qBS","action":"Commit Request", "result":"", "context":Item count: 2
Contributing types: Sessions}
{"logTime": "0216/163821", "correlationVector":"FVepyKBDACdEAL+EGk6qBS.1","action":"SyncServerConnectionManagerRequest", "result":"SYNC_SERVER_OK", "context":{"environment":"Prod_SoutheastAsia_000j", "migrationStage":"NotStarted", "server":"GENERAL0100000Y"}}
{"logTime": "0216/163821", "correlationVector":"FVepyKBDACdEAL+EGk6qBS.2","action":"Commit Response", "result":"SYNCER_OK", "context":Result: SYNCER_OK. cV=FVepyKBDACdEAL+EGk6qBS.0;server=GENERAL0100000Y;cloudType=Consumer;environment=Prod_SoutheastAsia_000j;migrationStage=NotStarted}
{"logTime": "0216/163930", "correlationVector":"OzO4EFkZTZbNKB0cY5Hwjr","action":"Commit Request", "result":"", "context":Item count: 1
Contributing types: Sessions}
{"logTime": "0216/163931", "correlationVector":"OzO4EFkZTZbNKB0cY5Hwjr.1","action":"SyncServerConnectionManagerRequest", "result":"SYNC_SERVER_OK", "context":{"environment":"Prod_SoutheastAsia_000j", "migrationStage":"NotStarted", "server":"GENERAL03000011"}}
{"logTime": "0216/163931", "correlationVector":"OzO4EFkZTZbNKB0cY5Hwjr.2","action":"Commit Response", "result":"SYNCER_OK", "context":Result: SYNCER_OK. cV=OzO4EFkZTZbNKB0cY5Hwjr.0;server=GENERAL03000011;cloudType=Consumer;environment=Prod_SoutheastAsia_000j;migrationStage=NotStarted}
{"logTime": "0216/164326", "correlationVector":"u5Ag86qmY1nfjvEKD8PAIu","action":"Commit Request", "result":"", "context":Item count: 1
Contributing types: Sessions}
{"logTime": "0216/164328", "correlationVector":"u5Ag86qmY1nfjvEKD8PAIu.1","action":"SyncServerConnectionManagerRequest", "result":"SYNC_SERVER_OK", "context":{"environment":"Prod_SoutheastAsia_000j", "migrationStage":"NotStarted", "server":"GENERAL0100000C"}}
{"logTime": "0216/164328", "correlationVector":"u5Ag86qmY1nfjvEKD8PAIu.2","action":"Commit Response", "result":"SYNCER_OK", "context":Result: SYNCER_OK. cV=u5Ag86qmY1nfjvEKD8PAIu.0;server=GENERAL0100000C;cloudType=Consumer;environment=Prod_SoutheastAsia_000j;migrationStage=NotStarted}
{"logTime": "0216/164402", "correlationVector":"NMI/OSC74PmnPCxZn1ulqu","action":"Commit Request", "result":"", "context":Item count: 1
Contributing types: Sessions}
{"logTime": "0216/164402", "correlationVector":"NMI/OSC74PmnPCxZn1ulqu.1","action":"SyncServerConnectionManagerRequest", "result":"SYNC_SERVER_OK", "context":{"environment":"Prod_SoutheastAsia_000j", "migrationStage":"NotStarted", "server":"GENERAL0100001J"}}
{"logTime": "0216/164402", "correlationVector":"NMI/OSC74PmnPCxZn1ulqu.2","action":"Commit Response", "result":"SYNCER_OK", "context":Result: SYNCER_OK. cV=NMI/OSC74PmnPCxZn1ulqu.0;server=GENERAL0100001J;cloudType=Consumer;environment=Prod_SoutheastAsia_000j;migrationStage=NotStarted}
{"logTime": "0216/164436", "correlationVector":"xmhgTiu6tVr25noWNIw9Fi","action":"Commit Request", "result":"", "context":Item count: 1
Contributing types: Sessions}
{"logTime": "0216/164437", "correlationVector":"xmhgTiu6tVr25noWNIw9Fi.1","action":"SyncServerConnectionManagerRequest", "result":"SYNC_SERVER_OK", "context":{"environment":"Prod_SoutheastAsia_000j", "migrationStage":"NotStarted", "server":"GENERAL01000009"}}
{"logTime": "0216/164437", "correlationVector":"xmhgTiu6tVr25noWNIw9Fi.2","action":"Commit Response", "result":"SYNCER_OK", "context":Result: SYNCER_OK. cV=xmhgTiu6tVr25noWNIw9Fi.0;server=GENERAL01000009;cloudType=Consumer;environment=Prod_SoutheastAsia_000j;migrationStage=NotStarted}
{"logTime": "0216/164536", "correlationVector":"cYZb2Z34c50OrPcF4RImIQ","action":"Commit Request", "result":"", "context":Item count: 1
Contributing types: Sessions}
{"logTime": "0216/164536", "correlationVector":"cYZb2Z34c50OrPcF4RImIQ.1","action":"SyncServerConnectionManagerRequest", "result":"SYNC_SERVER_OK", "context":{"environment":"Prod_SoutheastAsia_000j", "migrationStage":"NotStarted", "server":"GENERAL01000002"}}
{"logTime": "0216/164536", "correlationVector":"cYZb2Z34c50OrPcF4RImIQ.2","action":"Commit Response", "result":"SYNCER_OK", "context":Result: SYNCER_OK. cV=cYZb2Z34c50OrPcF4RImIQ.0;server=GENERAL01000002;cloudType=Consumer;environment=Prod_SoutheastAsia_000j;migrationStage=NotStarted}
{"logTime": "0216/164639", "correlationVector":"c6JO2CM97Iv6k/v9dnU+fb","action":"Commit Request", "result":"", "context":Item count: 1
Contributing types: Sessions}
{"logTime": "0216/164639", "correlationVector":"c6JO2CM97Iv6k/v9dnU+fb.1","action":"SyncServerConnectionManagerRequest", "result":"SYNC_SERVER_OK", "context":{"environment":"Prod_SoutheastAsia_000j", "migrationStage":"NotStarted", "server":"GENERAL0300001F"}}
{"logTime": "0216/164639", "correlationVector":"c6JO2CM97Iv6k/v9dnU+fb.2","action":"Commit Response", "result":"SYNCER_OK", "context":Result: SYNCER_OK. cV=c6JO2CM97Iv6k/v9dnU+fb.0;server=GENERAL0300001F;cloudType=Consumer;environment=Prod_SoutheastAsia_000j;migrationStage=NotStarted}
{"logTime": "0216/164714", "correlationVector":"LwDQb5vGWRw/H3gxQiQfOE","action":"Commit Request", "result":"", "context":Item count: 1
Contributing types: Sessions}
{"logTime": "0216/164714", "correlationVector":"LwDQb5vGWRw/H3gxQiQfOE.1","action":"SyncServerConnectionManagerRequest", "result":"SYNC_SERVER_OK", "context":{"environment":"Prod_SoutheastAsia_000j", "migrationStage":"NotStarted", "server":"GENERAL0100000X"}}
{"logTime": "0216/164714", "correlationVector":"LwDQb5vGWRw/H3gxQiQfOE.2","action":"Commit Response", "result":"SYNCER_OK", "context":Result: SYNCER_OK. cV=LwDQb5vGWRw/H3gxQiQfOE.0;server=GENERAL0100000X;cloudType=Consumer;environment=Prod_SoutheastAsia_000j;migrationStage=NotStarted}
{"logTime": "0216/164910", "correlationVector":"h/fdKanjKnA/xthn/sc8R6","action":"Commit Request", "result":"", "context":Item count: 1
Contributing types: Sessions}
{"logTime": "0216/164911", "correlationVector":"h/fdKanjKnA/xthn/sc8R6.1","action":"SyncServerConnectionManagerRequest", "result":"SYNC_SERVER_OK", "context":{"environment":"Prod_SoutheastAsia_000j", "migrationStage":"NotStarted", "server":"GENERAL01000014"}}
{"logTime": "0216/164911", "correlationVector":"h/fdKanjKnA/xthn/sc8R6.2","action":"Commit Response", "result":"SYNCER_OK", "context":Result: SYNCER_OK. cV=h/fdKanjKnA/xthn/sc8R6.0;server=GENERAL01000014;cloudType=Consumer;environment=Prod_SoutheastAsia_000j;migrationStage=NotStarted}
{"logTime": "0216/164951", "correlationVector":"Nu2OTXy66CgyK0yofiaQ/O","action":"Commit Request", "result":"", "context":Item count: 1
Contributing types: Sessions}
{"logTime": "0216/164952", "correlationVector":"Nu2OTXy66CgyK0yofiaQ/O.1","action":"SyncServerConnectionManagerRequest", "result":"SYNC_SERVER_OK", "context":{"environment":"Prod_SoutheastAsia_000j", "migrationStage":"NotStarted", "server":"GENERAL03000012"}}
{"logTime": "0216/164952", "correlationVector":"Nu2OTXy66CgyK0yofiaQ/O.2","action":"Commit Response", "result":"SYNCER_OK", "context":Result: SYNCER_OK. cV=Nu2OTXy66CgyK0yofiaQ/O.0;server=GENERAL03000012;cloudType=Consumer;environment=Prod_SoutheastAsia_000j;migrationStage=NotStarted}
{"logTime": "0216/165536", "correlationVector":"/XiR+VEUmH9yUXDUgnk6ah","action":"Commit Request", "result":"", "context":Item count: 1
Contributing types: Sessions}
{"logTime": "0216/165538", "correlationVector":"/XiR+VEUmH9yUXDUgnk6ah.1","action":"SyncServerConnectionManagerRequest", "result":"SYNC_SERVER_OK", "context":{"environment":"Prod_SoutheastAsia_000j", "migrationStage":"NotStarted", "server":"GENERAL03000018"}}
{"logTime": "0216/165538", "correlationVector":"/XiR+VEUmH9yUXDUgnk6ah.2","action":"Commit Response", "result":"SYNCER_OK", "context":Result: SYNCER_OK. cV=/XiR+VEUmH9yUXDUgnk6ah.0;server=GENERAL03000018;cloudType=Consumer;environment=Prod_SoutheastAsia_000j;migrationStage=NotStarted}
{"logTime": "0216/170008", "correlationVector":"XC5aKqGh9JuD5mxXm2/UGC","action":"Commit Request", "result":"", "context":Item count: 1
Contributing types: Sessions}
{"logTime": "0216/170011", "correlationVector":"XC5aKqGh9JuD5mxXm2/UGC.1","action":"SyncServerConnectionManagerRequest", "result":"SYNC_SERVER_OK", "context":{"environment":"Prod_SoutheastAsia_000j", "migrationStage":"NotStarted", "server":"GENERAL01000003"}}
{"logTime": "0216/170011", "correlationVector":"XC5aKqGh9JuD5mxXm2/UGC.2","action":"Commit Response", "result":"SYNCER_OK", "context":Result: SYNCER_OK. cV=XC5aKqGh9JuD5mxXm2/UGC.0;server=GENERAL01000003;cloudType=Consumer;environment=Prod_SoutheastAsia_000j;migrationStage=NotStarted}
{"logTime": "0217/143623", "correlationVector":"E00c76EtKLTInxk1bkyl3o","action":"SyncServerConnectionManagerRequest", "result":"SYNC_SERVER_OK", "context":{"environment":"", "migrationStage":"", "server":""}}
{"logTime": "0217/143623", "correlationVector":"suYy6CEXtw2JS0Hj5XAYHR.1","action":"SyncServerConnectionManagerRequest", "result":"SYNC_SERVER_OK", "context":{"environment":"Prod_SoutheastAsia_000j", "migrationStage":"NotStarted", "server":"GENERAL0300000Y"}}
{"logTime": "0217/143623", "correlationVector":"suYy6CEXtw2JS0Hj5XAYHR","action":"Initial GetUpdates", "result":"", "context":Reason: NEW_CLIENT. cV=suYy6CEXtw2JS0Hj5XAYHR}
{"logTime": "0217/143623", "correlationVector":"suYy6CEXtw2JS0Hj5XAYHR.2","action":"GetUpdates Response", "result":"SYNCER_OK", "context":Received 1 update(s). cV=suYy6CEXtw2JS0Hj5XAYHR.0;server=GENERAL0300000Y;cloudType=Consumer;environment=Prod_SoutheastAsia_000j;migrationStage=NotStarted}
{"logTime": "0217/143623", "correlationVector":"1uDv4z3OQaBeX8DnYOUnPp","action":"Normal GetUpdate request", "result":"", "context":cV=1uDv4z3OQaBeX8DnYOUnPp
Nudged types: Sessions, Device Info
Refresh requested types: Bookmarks, Preferences, Passwords, Autofill Profiles, Autofill, Autofill Custom Data, Typed URLs, Extensions, Sessions, Extension settings, History Delete Directives, Device Info, User Consents, Send Tab To Self, Web Apps, Collection, Edge E Drop, Edge Hub App Usage, Edge Wallet, Encryption Keys}
{"logTime": "0217/143623", "correlationVector":"1uDv4z3OQaBeX8DnYOUnPp.1","action":"SyncServerConnectionManagerRequest", "result":"SYNC_SERVER_OK", "context":{"environment":"Prod_SoutheastAsia_000j", "migrationStage":"NotStarted", "server":"GENERAL01000014"}}
{"logTime": "0217/143623", "correlationVector":"1uDv4z3OQaBeX8DnYOUnPp.2","action":"GetUpdates Response", "result":"SYNCER_OK", "context":Received 6 update(s). cV=1uDv4z3OQaBeX8DnYOUnPp.0;server=GENERAL01000014;cloudType=Consumer;environment=Prod_SoutheastAsia_000j;migrationStage=NotStarted}
{"logTime": "0217/143623", "correlationVector":"4W9f+agFGD5C079GVJaPI+","action":"Commit Request", "result":"", "context":Item count: 1
Contributing types: Device Info}
{"logTime": "0217/143623", "correlationVector":"4W9f+agFGD5C079GVJaPI+.1","action":"SyncServerConnectionManagerRequest", "result":"SYNC_SERVER_OK", "context":{"environment":"Prod_SoutheastAsia_000j", "migrationStage":"NotStarted", "server":"GENERAL0300000N"}}
{"logTime": "0217/143623", "correlationVector":"4W9f+agFGD5C079GVJaPI+.2","action":"Commit Response", "result":"SYNCER_OK", "context":Result: SYNCER_OK. cV=4W9f+agFGD5C079GVJaPI+.0;server=GENERAL0300000N;cloudType=Consumer;environment=Prod_SoutheastAsia_000j;migrationStage=NotStarted}
{"logTime": "0217/143624", "correlationVector":"lvUi8u/0p5seorbF+cZXAd","action":"Commit Request", "result":"", "context":Item count: 6
Contributing types: Sessions}
{"logTime": "0217/143624", "correlationVector":"lvUi8u/0p5seorbF+cZXAd.1","action":"SyncServerConnectionManagerRequest", "result":"SYNC_SERVER_OK", "context":{"environment":"Prod_SoutheastAsia_000j", "migrationStage":"NotStarted", "server":"GENERAL0100001L"}}
{"logTime": "0217/143624", "correlationVector":"lvUi8u/0p5seorbF+cZXAd.3","action":"Commit.Sessions", "result":"Success", "context":{"id":"03e27278-2ed2-486c-ad34-da4b6ecf74a9", "isDeleted":"true", "size":"0", "version":"1708101569749"}}
{"logTime": "0217/143624", "correlationVector":"lvUi8u/0p5seorbF+cZXAd.2","action":"Commit Response", "result":"SYNCER_OK", "context":Result: SYNCER_OK. cV=lvUi8u/0p5seorbF+cZXAd.0;server=GENERAL0100001L;cloudType=Consumer;environment=Prod_SoutheastAsia_000j;migrationStage=NotStarted}
{"logTime": "0217/143624", "correlationVector":"lvUi8u/0p5seorbF+cZXAd.4","action":"Commit.Sessions", "result":"Success", "context":{"id":"45e167a0-ef65-4735-b6a1-146ca53f60ce", "isDeleted":"true", "size":"0", "version":"1708102809600"}}
{"logTime": "0217/143624", "correlationVector":"lvUi8u/0p5seorbF+cZXAd.5","action":"Commit.Sessions", "result":"Success", "context":{"id":"861c4e6a-6fec-4b66-98cb-9d624baf48c0", "isDeleted":"true", "size":"0", "version":"1708101058794"}}
{"logTime": "0217/143624", "correlationVector":"lvUi8u/0p5seorbF+cZXAd.6","action":"Commit.Sessions", "result":"Success", "context":{"id":"6e204bfe-dfcd-4c9e-ae7a-ea985a9ecdc6", "isDeleted":"true", "size":"0", "version":"1708101097313"}}
{"logTime": "0217/143624", "correlationVector":"YTwXtq+46oGpG8WyzKo5HZ","action":"Poll GetUpdate request", "result":"", "context":cV=YTwXtq+46oGpG8WyzKo5HZ}
{"logTime": "0217/143624", "correlationVector":"YTwXtq+46oGpG8WyzKo5HZ.1","action":"SyncServerConnectionManagerRequest", "result":"SYNC_SERVER_OK", "context":{"environment":"Prod_SoutheastAsia_000j", "migrationStage":"NotStarted", "server":"GENERAL03000020"}}
{"logTime": "0217/143624", "correlationVector":"YTwXtq+46oGpG8WyzKo5HZ.2","action":"GetUpdates", "result":"DeleteReceived", "context":{"id":"03e27278-2ed2-486c-ad34-da4b6ecf74a9", "isDeleted:":"true", "version":"1708180525361"}}
{"logTime": "0217/143624", "correlationVector":"YTwXtq+46oGpG8WyzKo5HZ.3","action":"GetUpdates", "result":"DeleteReceived", "context":{"id":"45e167a0-ef65-4735-b6a1-146ca53f60ce", "isDeleted:":"true", "version":"1708180525364"}}
{"logTime": "0217/143624", "correlationVector":"YTwXtq+46oGpG8WyzKo5HZ.4","action":"GetUpdates", "result":"DeleteReceived", "context":{"id":"861c4e6a-6fec-4b66-98cb-9d624baf48c0", "isDeleted:":"true", "version":"1708180525365"}}
{"logTime": "0217/143624", "correlationVector":"YTwXtq+46oGpG8WyzKo5HZ.5","action":"GetUpdates", "result":"DeleteReceived", "context":{"id":"6e204bfe-dfcd-4c9e-ae7a-ea985a9ecdc6", "isDeleted:":"true", "version":"1708180525366"}}
{"logTime": "0217/143624", "correlationVector":"YTwXtq+46oGpG8WyzKo5HZ.6","action":"GetUpdates Response", "result":"SYNCER_OK", "context":Received 7 update(s). cV=YTwXtq+46oGpG8WyzKo5HZ.0;server=GENERAL03000020;cloudType=Consumer;environment=Prod_SoutheastAsia_000j;migrationStage=NotStarted}
{"logTime": "0217/143624", "correlationVector":"hLa2A/HK8i4ehfjWDMOEQE","action":"Normal GetUpdate request", "result":"", "context":cV=hLa2A/HK8i4ehfjWDMOEQE
Nudged types: Sessions, Device Info}
{"logTime": "0217/143624", "correlationVector":"hLa2A/HK8i4ehfjWDMOEQE.1","action":"SyncServerConnectionManagerRequest", "result":"SYNC_SERVER_OK", "context":{"environment":"Prod_SoutheastAsia_000j", "migrationStage":"NotStarted", "server":"GENERAL01000004"}}
{"logTime": "0217/143624", "correlationVector":"hLa2A/HK8i4ehfjWDMOEQE.2","action":"GetUpdates Response", "result":"SYNCER_OK", "context":Received 0 update(s). cV=hLa2A/HK8i4ehfjWDMOEQE.0;server=GENERAL01000004;cloudType=Consumer;environment=Prod_SoutheastAsia_000j;migrationStage=NotStarted}
{"logTime": "0217/143624", "correlationVector":"EGN0lswT8Rd+2RqBA2aNh3","action":"Commit Request", "result":"", "context":Item count: 1
Contributing types: Sessions}
{"logTime": "0217/143624", "correlationVector":"EGN0lswT8Rd+2RqBA2aNh3.1","action":"SyncServerConnectionManagerRequest", "result":"SYNC_SERVER_OK", "context":{"environment":"Prod_SoutheastAsia_000j", "migrationStage":"NotStarted", "server":"GENERAL01000003"}}
{"logTime": "0217/143624", "correlationVector":"EGN0lswT8Rd+2RqBA2aNh3.2","action":"Commit Response", "result":"SYNCER_OK", "context":Result: SYNCER_OK. cV=EGN0lswT8Rd+2RqBA2aNh3.0;server=GENERAL01000003;cloudType=Consumer;environment=Prod_SoutheastAsia_000j;migrationStage=NotStarted}
{"logTime": "0217/144022", "correlationVector":"chTcAaA2cs2CKwrVAhMRS3","action":"Commit Request", "result":"", "context":Item count: 1
Contributing types: Preferences}
{"logTime": "0217/144023", "correlationVector":"chTcAaA2cs2CKwrVAhMRS3.1","action":"SyncServerConnectionManagerRequest", "result":"SYNC_SERVER_OK", "context":{"environment":"Prod_SoutheastAsia_000j", "migrationStage":"NotStarted", "server":"GENERAL0100001K"}}
{"logTime": "0217/144023", "correlationVector":"chTcAaA2cs2CKwrVAhMRS3.2","action":"Commit Response", "result":"SYNCER_OK", "context":Result: SYNCER_OK. cV=chTcAaA2cs2CKwrVAhMRS3.0;server=GENERAL0100001K;cloudType=Consumer;environment=Prod_SoutheastAsia_000j;migrationStage=NotStarted}
{"logTime": "0217/144024", "correlationVector":"Q5ZlLczycAqmIAffwZrgW4","action":"Normal GetUpdate request", "result":"", "context":cV=Q5ZlLczycAqmIAffwZrgW4
Refresh requested types: Bookmarks, Preferences, Passwords, Autofill Profiles, Autofill, Autofill Custom Data, Typed URLs, Extensions, Sessions, Extension settings, History Delete Directives, Device Info, User Consents, Send Tab To Self, Web Apps, Collection, Edge E Drop, Edge Hub App Usage, Edge Wallet, Encryption Keys}
{"logTime": "0217/144024", "correlationVector":"Q5ZlLczycAqmIAffwZrgW4.1","action":"SyncServerConnectionManagerRequest", "result":"SYNC_SERVER_OK", "context":{"environment":"Prod_SoutheastAsia_000j", "migrationStage":"NotStarted", "server":"GENERAL01000003"}}
{"logTime": "0217/144024", "correlationVector":"Q5ZlLczycAqmIAffwZrgW4.2","action":"GetUpdates Response", "result":"SYNCER_OK", "context":Received 2 update(s). cV=Q5ZlLczycAqmIAffwZrgW4.0;server=GENERAL01000003;cloudType=Consumer;environment=Prod_SoutheastAsia_000j;migrationStage=NotStarted}
{"logTime": "0217/144614", "correlationVector":"cURmPNtB2Djb0m2qu53FKG","action":"Commit Request", "result":"", "context":Item count: 1
Contributing types: Sessions}
{"logTime": "0217/144615", "correlationVector":"cURmPNtB2Djb0m2qu53FKG.1","action":"SyncServerConnectionManagerRequest", "result":"SYNC_SERVER_OK", "context":{"environment":"Prod_SoutheastAsia_000j", "migrationStage":"NotStarted", "server":"GENERAL0100000G"}}
{"logTime": "0217/144615", "correlationVector":"cURmPNtB2Djb0m2qu53FKG.2","action":"Commit Response", "result":"SYNCER_OK", "context":Result: SYNCER_OK. cV=cURmPNtB2Djb0m2qu53FKG.0;server=GENERAL0100000G;cloudType=Consumer;environment=Prod_SoutheastAsia_000j;migrationStage=NotStarted}
